#
# A fatal error has been detected by the Java Runtime Environment:
#
#  EXCEPTION_ACCESS_VIOLATION (0xc0000005) at pc=0x00000000024f0000, pid=15264, tid=0x000000000000a144
#
# JRE version: Java(TM) SE Runtime Environment (8.0_241-b07) (build 1.8.0_241-b07)
# Java VM: Java HotSpot(TM) 64-Bit Server VM (25.241-b07 mixed mode windows-amd64 compressed oops)
# Problematic frame:
# C  0x00000000024f0000
#
# Failed to write core dump. Minidumps are not enabled by default on client versions of Windows
#
# If you would like to submit a bug report, please visit:
#   http://bugreport.java.com/bugreport/crash.jsp
# The crash happened outside the Java Virtual Machine in native code.
# See problematic frame for where to report the bug.
#

---------------  T H R E A D  ---------------

Current thread (0x000000003eb62000):  JavaThread "CraftPresence" [_thread_in_native, id=41284, stack(0x000000004f590000,0x000000004f690000)]

siginfo: ExceptionCode=0xc0000005, ExceptionInformation=0x0000000000000008 0x00000000024f0000

Registers:
RAX=0x00000000024f0000, RBX=0x0000000000010001, RCX=0x0000000000010001, RDX=0x000000004f68eb60
RSP=0x000000004f68eb28, RBP=0x000000004f68ec30, RSI=0x000000000083fd90, RDI=0x0000000000000036
R8 =0x000000000083fd90, R9 =0x00007ffa861537b0, R10=0x00007ffa735c1a10, R11=0x000000004f68ef98
R12=0x0000000000000000, R13=0x00000000ffffffa6, R14=0x00000007c004a280, R15=0x000000003eb62000
RIP=0x00000000024f0000, EFLAGS=0x0000000000010206

Top of Stack: (sp=0x000000004f68eb28)
0x000000004f68eb28:   00007ffa86151f7c 0000000000000020
0x000000004f68eb38:   0000000066bfd79a 000000003fa19890
0x000000004f68eb48:   0000000000000c00 0000000000000000
0x000000004f68eb58:   0000000000000000 57464c4720656854
0x000000004f68eb68:   7972617262696c20 20746f6e20736920
0x000000004f68eb78:   696c616974696e69 000000000064657a
0x000000004f68eb88:   00007ffaa98c1efb 000000004f68ee4f
0x000000004f68eb98:   00007ffaac7535d0 0000f6d50d85f595
0x000000004f68eba8:   0000000000000000 000000004f68ecd0
0x000000004f68ebb8:   00007ffaa98c1efb fffe88b400000000
0x000000004f68ebc8:   000000003fa19880 0000f6d50d85f545
0x000000004f68ebd8:   0000000000000001 000000004f68ef80
0x000000004f68ebe8:   0000000066be20da 0000000000000020
0x000000004f68ebf8:   0000000066bfd79a 000000003fa19890
0x000000004f68ec08:   0000000066c14e7e 0000000000000000
0x000000004f68ec18:   0000000066c14e03 0000000066c737e0 

Instructions: (pc=0x00000000024f0000)
0x00000000024effe0:   
[error occurred during error reporting (printing registers, top of stack, instructions near pc), id 0xc0000005]

Register to memory mapping:

RAX=0x00000000024f0000 is an unknown value
RBX=0x0000000000010001 is an unknown value
RCX=0x0000000000010001 is an unknown value
RDX=0x000000004f68eb60 is pointing into the stack for thread: 0x000000003eb62000
RSP=0x000000004f68eb28 is pointing into the stack for thread: 0x000000003eb62000
RBP=0x000000004f68ec30 is pointing into the stack for thread: 0x000000003eb62000
RSI=0x000000000083fd90 is an unknown value
RDI=0x0000000000000036 is an unknown value
R8 =0x000000000083fd90 is an unknown value
R9 =0x00007ffa861537b0 is an unknown value
R10=0x00007ffa735c1a10 is an unknown value
R11=0x000000004f68ef98 is pointing into the stack for thread: 0x000000003eb62000
R12=0x0000000000000000 is an unknown value
R13=0x00000000ffffffa6 is an unknown value
R14=0x00000007c004a280 is pointing into metadata
R15=0x000000003eb62000 is a thread


Stack: [0x000000004f590000,0x000000004f690000],  sp=0x000000004f68eb28,  free space=1018k
Native frames: (J=compiled Java code, j=interpreted, Vv=VM code, C=native code)
C  0x00000000024f0000

Java frames: (J=compiled Java code, j=interpreted, Vv=VM code)
J 15511  org.lwjgl.system.JNI.invokePI(JIJ)I (0 bytes) @ 0x0000000004c4aace [0x0000000004c4aa20+0xae]
J 17850 C1 com.gitlab.cdagaming.craftpresence.utils.KeyUtils.onTick()V (150 bytes) @ 0x0000000005199484 [0x0000000005198e80+0x604]
j  com.gitlab.cdagaming.craftpresence.utils.CommandUtils.reloadData(Z)V+15
j  com.gitlab.cdagaming.craftpresence.CraftPresence.clientTick()V+32
J 43558 C2 com.gitlab.cdagaming.craftpresence.CraftPresence$1.run()V (8 bytes) @ 0x00000000067ab260 [0x00000000067ab220+0x40]
j  java.util.TimerThread.mainLoop()V+221
j  java.util.TimerThread.run()V+1
v  ~StubRoutines::call_stub

---------------  P R O C E S S  ---------------

Java Threads: ( => current thread )
  0x0000000096546000 JavaThread "Sound engine" daemon [_thread_blocked, id=31624, stack(0x000000004d690000,0x000000004d790000)]
  0x000000005a733800 JavaThread "JM-texture-3" [_thread_blocked, id=27228, stack(0x000000009ff00000,0x00000000a0000000)]
  0x000000005a732000 JavaThread "JM-texture-2" [_thread_blocked, id=37448, stack(0x000000009fbe0000,0x000000009fce0000)]
  0x0000000051fd7800 JavaThread "Netty Server IO #1" daemon [_thread_in_native, id=14680, stack(0x000000007d990000,0x000000007da90000)]
  0x0000000051fda800 JavaThread "Netty Local Client IO #0" daemon [_thread_blocked, id=15568, stack(0x0000000052ce0000,0x0000000052de0000)]
  0x000000003b926800 JavaThread "Netty Server IO #0" daemon [_thread_in_native, id=44916, stack(0x000000007d350000,0x000000007d450000)]
  0x000000003b924000 JavaThread "ObjectCleanerThread" daemon [_thread_blocked, id=45876, stack(0x000000007b720000,0x000000007b820000)]
  0x0000000051fdd000 JavaThread "Thread-31" daemon [_thread_in_native, id=42272, stack(0x000000004d790000,0x000000004d890000)]
  0x0000000051fe0000 JavaThread "Snooper Timer" daemon [_thread_blocked, id=42672, stack(0x00000000414d0000,0x00000000415d0000)]
  0x0000000051fda000 JavaThread "Java2D Disposer" daemon [_thread_blocked, id=35792, stack(0x000000007bc80000,0x000000007bd80000)]
  0x0000000051fd6000 JavaThread "Thread-24" daemon [_thread_in_native, id=16436, stack(0x000000005bd30000,0x000000005be30000)]
  0x0000000051fd5800 JavaThread "Thread-23" daemon [_thread_in_native, id=13128, stack(0x000000005b750000,0x000000005b850000)]
  0x0000000051fd4000 JavaThread "Thread-22" daemon [_thread_in_native, id=38932, stack(0x000000005b650000,0x000000005b750000)]
  0x0000000051fd2800 JavaThread "Thread-21" daemon [_thread_in_native, id=45940, stack(0x000000005b550000,0x000000005b650000)]
  0x000000003eb6d000 JavaThread "Thread-20" daemon [_thread_in_native, id=23644, stack(0x00000000533e0000,0x00000000534e0000)]
  0x000000003627d800 JavaThread "IPCClient-Reader" [_thread_blocked, id=42236, stack(0x000000004dbb0000,0x000000004dcb0000)]
=>0x000000003eb62000 JavaThread "CraftPresence" [_thread_in_native, id=41284, stack(0x000000004f590000,0x000000004f690000)]
  0x000000003eb69000 JavaThread "Thread-13" daemon [_thread_in_native, id=39488, stack(0x000000004f6c0000,0x000000004f7c0000)]
  0x000000003eb61800 JavaThread "Thread-12" daemon [_thread_in_native, id=5980, stack(0x000000004f490000,0x000000004f590000)]
  0x000000003eb5d800 JavaThread "Thread-11" daemon [_thread_in_native, id=20616, stack(0x000000004f390000,0x000000004f490000)]
  0x000000003eb5f000 JavaThread "Thread-10" daemon [_thread_in_native, id=27356, stack(0x000000004f290000,0x000000004f390000)]
  0x000000003eb64800 JavaThread "Thread-9" daemon [_thread_in_native, id=25472, stack(0x000000004f190000,0x000000004f290000)]
  0x000000003eb60800 JavaThread "Thread-8" daemon [_thread_in_native, id=10108, stack(0x000000004f090000,0x000000004f190000)]
  0x000000003eb5e800 JavaThread "Thread-7" daemon [_thread_in_native, id=45112, stack(0x000000004ef90000,0x000000004f090000)]
  0x000000003eb60000 JavaThread "Thread-6" daemon [_thread_in_native, id=31196, stack(0x000000004ddb0000,0x000000004deb0000)]
  0x0000000036279000 JavaThread "Thread-5" daemon [_thread_in_native, id=30072, stack(0x000000004d590000,0x000000004d690000)]
  0x000000003627e000 JavaThread "Timer hack thread" daemon [_thread_blocked, id=35584, stack(0x000000004be00000,0x000000004bf00000)]
  0x0000000041b12000 JavaThread "Snooper Timer" daemon [_thread_blocked, id=6576, stack(0x000000004c260000,0x000000004c360000)]
  0x000000003b803800 JavaThread "pool-2-thread-1" daemon [_thread_blocked, id=8832, stack(0x000000004bf60000,0x000000004c060000)]
  0x000000003aab8000 JavaThread "Thread-2" daemon [_thread_in_native, id=38140, stack(0x0000000040060000,0x0000000040160000)]
  0x000000003a6a4800 JavaThread "Thread-1" daemon [_thread_blocked, id=11492, stack(0x000000003dfc0000,0x000000003e0c0000)]
  0x0000000036128800 JavaThread "Service Thread" daemon [_thread_blocked, id=23060, stack(0x00000000376e0000,0x00000000377e0000)]
  0x00000000360a8800 JavaThread "C1 CompilerThread3" daemon [_thread_blocked, id=25524, stack(0x00000000375e0000,0x00000000376e0000)]
  0x00000000360a7800 JavaThread "C2 CompilerThread2" daemon [_thread_blocked, id=45248, stack(0x00000000374e0000,0x00000000375e0000)]
  0x00000000360a3800 JavaThread "C2 CompilerThread1" daemon [_thread_blocked, id=44756, stack(0x00000000372e0000,0x00000000373e0000)]
  0x00000000360a2000 JavaThread "C2 CompilerThread0" daemon [_thread_blocked, id=33536, stack(0x00000000371e0000,0x00000000372e0000)]
  0x000000003609d000 JavaThread "Attach Listener" daemon [_thread_blocked, id=27352, stack(0x00000000370e0000,0x00000000371e0000)]
  0x0000000036094800 JavaThread "Signal Dispatcher" daemon [_thread_blocked, id=37112, stack(0x0000000036fe0000,0x00000000370e0000)]
  0x0000000036093800 JavaThread "Surrogate Locker Thread (Concurrent GC)" daemon [_thread_blocked, id=45740, stack(0x0000000036ee0000,0x0000000036fe0000)]
  0x000000003607c800 JavaThread "Finalizer" daemon [_thread_blocked, id=36260, stack(0x0000000036ce0000,0x0000000036de0000)]
  0x0000000036075800 JavaThread "Reference Handler" daemon [_thread_blocked, id=44176, stack(0x0000000036be0000,0x0000000036ce0000)]
  0x0000000002783800 JavaThread "Client thread" [_thread_blocked, id=932, stack(0x0000000002580000,0x0000000002680000)]

Other Threads:
  0x0000000035ede800 VMThread [stack: 0x0000000036ae0000,0x0000000036be0000] [id=33728]
  0x0000000036167000 WatcherThread [stack: 0x00000000377e0000,0x00000000378e0000] [id=17112]

VM state:not at safepoint (normal execution)

VM Mutex/Monitor currently owned by a thread: None

heap address: 0x00000004c0000000, size: 12288 MB, Compressed Oops mode: Zero based, Oop shift amount: 3
Narrow klass base: 0x0000000000000000, Narrow klass shift: 3
Compressed class space size: 1073741824 Address: 0x00000007c0000000

Heap:
 garbage-first heap   total 12582912K, used 5234389K [0x00000004c0000000, 0x00000004c2000c00, 0x00000007c0000000)
  region size 32768K, 71 young (2326528K), 7 survivors (229376K)
 Metaspace       used 197225K, capacity 222454K, committed 222504K, reserved 1234944K
  class space    used 30652K, capacity 36884K, committed 36904K, reserved 1048576K

Heap Regions: (Y=young(eden), SU=young(survivor), HS=humongous(starts), HC=humongous(continues), CS=collection set, F=free, TS=gc time stamp, PTAMS=previous top-at-mark-start, NTAMS=next top-at-mark-start)
AC   0  O    TS     0 PTAMS 0x00000004c2000000 NTAMS 0x00000004c2000000 space 32768K, 100% used [0x00000004c0000000, 0x00000004c2000000)
AC   0  O    TS     0 PTAMS 0x00000004c4000000 NTAMS 0x00000004c4000000 space 32768K, 100% used [0x00000004c2000000, 0x00000004c4000000)
AC   0  O    TS     0 PTAMS 0x00000004c6000000 NTAMS 0x00000004c6000000 space 32768K, 100% used [0x00000004c4000000, 0x00000004c6000000)
AC   0  O    TS     7 PTAMS 0x00000004c6000000 NTAMS 0x00000004c6000000 space 32768K, 100% used [0x00000004c6000000, 0x00000004c8000000)
AC   0  O    TS     0 PTAMS 0x00000004ca000000 NTAMS 0x00000004ca000000 space 32768K, 100% used [0x00000004c8000000, 0x00000004ca000000)
AC   0  O    TS     5 PTAMS 0x00000004ca000000 NTAMS 0x00000004ca000000 space 32768K, 100% used [0x00000004ca000000, 0x00000004cc000000)
AC   0  O    TS     0 PTAMS 0x00000004ce000000 NTAMS 0x00000004ce000000 space 32768K, 100% used [0x00000004cc000000, 0x00000004ce000000)
AC   0  O    TS     0 PTAMS 0x00000004d0000000 NTAMS 0x00000004d0000000 space 32768K, 100% used [0x00000004ce000000, 0x00000004d0000000)
AC   0  O    TS     9 PTAMS 0x00000004d0000000 NTAMS 0x00000004d0000000 space 32768K, 100% used [0x00000004d0000000, 0x00000004d2000000)
AC   0  O    TS     3 PTAMS 0x00000004d267b200 NTAMS 0x00000004d267b200 space 32768K, 100% used [0x00000004d2000000, 0x00000004d4000000)
AC   0  O    TS     3 PTAMS 0x00000004d4000000 NTAMS 0x00000004d4000000 space 32768K, 100% used [0x00000004d4000000, 0x00000004d6000000)
AC   0  O    TS     5 PTAMS 0x00000004d6000000 NTAMS 0x00000004d6000000 space 32768K, 100% used [0x00000004d6000000, 0x00000004d8000000)
AC   0  O    TS     7 PTAMS 0x00000004d8000000 NTAMS 0x00000004d8000000 space 32768K, 100% used [0x00000004d8000000, 0x00000004da000000)
AC   0  O    TS     0 PTAMS 0x00000004dc000000 NTAMS 0x00000004dc000000 space 32768K, 100% used [0x00000004da000000, 0x00000004dc000000)
AC   0  O    TS     0 PTAMS 0x00000004de000000 NTAMS 0x00000004de000000 space 32768K, 100% used [0x00000004dc000000, 0x00000004de000000)
AC   0  O    TS     0 PTAMS 0x00000004e0000000 NTAMS 0x00000004e0000000 space 32768K, 100% used [0x00000004de000000, 0x00000004e0000000)
AC   0  O    TS     0 PTAMS 0x00000004e2000000 NTAMS 0x00000004e2000000 space 32768K, 100% used [0x00000004e0000000, 0x00000004e2000000)
AC   0  O    TS     7 PTAMS 0x00000004e2000000 NTAMS 0x00000004e2000000 space 32768K, 100% used [0x00000004e2000000, 0x00000004e4000000)
AC   0  O    TS     9 PTAMS 0x00000004e4000000 NTAMS 0x00000004e4000000 space 32768K, 100% used [0x00000004e4000000, 0x00000004e6000000)
AC   0  O    TS     9 PTAMS 0x00000004e6000000 NTAMS 0x00000004e6000000 space 32768K, 100% used [0x00000004e6000000, 0x00000004e8000000)
AC   0  O    TS    31 PTAMS 0x00000004e8000000 NTAMS 0x00000004e8000000 space 32768K, 100% used [0x00000004e8000000, 0x00000004ea000000)
AC   0  O    TS     0 PTAMS 0x00000004ec000000 NTAMS 0x00000004ec000000 space 32768K, 100% used [0x00000004ea000000, 0x00000004ec000000)
AC   0  O    TS    31 PTAMS 0x00000004ec000000 NTAMS 0x00000004ec000000 space 32768K, 100% used [0x00000004ec000000, 0x00000004ee000000)
AC   0  O    TS    33 PTAMS 0x00000004ee000000 NTAMS 0x00000004ee000000 space 32768K, 100% used [0x00000004ee000000, 0x00000004f0000000)
AC   0  O    TS     0 PTAMS 0x00000004f2000000 NTAMS 0x00000004f2000000 space 32768K, 100% used [0x00000004f0000000, 0x00000004f2000000)
AC   0  O    TS    33 PTAMS 0x00000004f2000000 NTAMS 0x00000004f2000000 space 32768K, 100% used [0x00000004f2000000, 0x00000004f4000000)
AC   0  O    TS    35 PTAMS 0x00000004f4000000 NTAMS 0x00000004f4000000 space 32768K, 100% used [0x00000004f4000000, 0x00000004f6000000)
AC   0  O    TS    39 PTAMS 0x00000004f6000000 NTAMS 0x00000004f6000000 space 32768K, 100% used [0x00000004f6000000, 0x00000004f8000000)
AC   0  O    TS     0 PTAMS 0x00000004fa000000 NTAMS 0x00000004fa000000 space 32768K, 100% used [0x00000004f8000000, 0x00000004fa000000)
AC   0  O    TS     0 PTAMS 0x00000004fc000000 NTAMS 0x00000004fc000000 space 32768K, 100% used [0x00000004fa000000, 0x00000004fc000000)
AC   0  O    TS     0 PTAMS 0x00000004fe000000 NTAMS 0x00000004fe000000 space 32768K, 100% used [0x00000004fc000000, 0x00000004fe000000)
AC   0  O    TS    55 PTAMS 0x00000004fe000000 NTAMS 0x00000004fe000000 space 32768K, 100% used [0x00000004fe000000, 0x0000000500000000)
AC   0  O    TS     0 PTAMS 0x0000000502000000 NTAMS 0x0000000502000000 space 32768K, 100% used [0x0000000500000000, 0x0000000502000000)
AC   0  O    TS     0 PTAMS 0x0000000504000000 NTAMS 0x0000000504000000 space 32768K, 100% used [0x0000000502000000, 0x0000000504000000)
AC   0  O    TS    61 PTAMS 0x0000000504000000 NTAMS 0x0000000504000000 space 32768K, 100% used [0x0000000504000000, 0x0000000506000000)
AC   0  O    TS    53 PTAMS 0x0000000506000000 NTAMS 0x0000000506000000 space 32768K, 100% used [0x0000000506000000, 0x0000000508000000)
AC   0  O    TS    77 PTAMS 0x0000000508000000 NTAMS 0x0000000508000000 space 32768K, 100% used [0x0000000508000000, 0x000000050a000000)
AC   0  O    TS    83 PTAMS 0x000000050a000000 NTAMS 0x000000050a000000 space 32768K, 100% used [0x000000050a000000, 0x000000050c000000)
AC   0  O    TS    83 PTAMS 0x000000050c000000 NTAMS 0x000000050c000000 space 32768K, 100% used [0x000000050c000000, 0x000000050e000000)
AC   0  O    TS    99 PTAMS 0x000000050e000000 NTAMS 0x000000050e000000 space 32768K, 100% used [0x000000050e000000, 0x0000000510000000)
AC   0  O    TS   101 PTAMS 0x0000000510000000 NTAMS 0x0000000510000000 space 32768K, 100% used [0x0000000510000000, 0x0000000512000000)
AC   0  O    TS    65 PTAMS 0x0000000512000000 NTAMS 0x0000000512000000 space 32768K, 100% used [0x0000000512000000, 0x0000000514000000)
AC   0  O    TS    69 PTAMS 0x0000000514000000 NTAMS 0x0000000514000000 space 32768K, 100% used [0x0000000514000000, 0x0000000516000000)
AC   0 HS    TS     0 PTAMS 0x0000000516000000 NTAMS 0x0000000516000000 space 65536K,  50% used [0x0000000516000000, 0x000000051a000000)
AC   0 HC    TS     0 PTAMS 0x0000000518000000 NTAMS 0x0000000518000000 space 32768K,   0% used [0x0000000518000000, 0x000000051a000000)
AC   0 HS    TS     0 PTAMS 0x000000051a000000 NTAMS 0x000000051a000000 space 32768K,  50% used [0x000000051a000000, 0x000000051c000000)
AC   0 HS    TS     0 PTAMS 0x000000051c000000 NTAMS 0x000000051c000000 space 65536K,  50% used [0x000000051c000000, 0x0000000520000000)
AC   0 HC    TS     0 PTAMS 0x000000051e000000 NTAMS 0x000000051e000000 space 32768K,   0% used [0x000000051e000000, 0x0000000520000000)
AC   0  O    TS    75 PTAMS 0x0000000520000000 NTAMS 0x0000000520000000 space 32768K, 100% used [0x0000000520000000, 0x0000000522000000)
AC   0 HS    TS     0 PTAMS 0x0000000522000000 NTAMS 0x0000000522000000 space 98304K,  66% used [0x0000000522000000, 0x0000000528000000)
AC   0 HC    TS     0 PTAMS 0x0000000524000000 NTAMS 0x0000000524000000 space 32768K, 100% used [0x0000000524000000, 0x0000000526000000)
AC   0 HC    TS     0 PTAMS 0x0000000526000000 NTAMS 0x0000000526000000 space 32768K,   0% used [0x0000000526000000, 0x0000000528000000)
AC   0 HS    TS     0 PTAMS 0x0000000528000000 NTAMS 0x0000000528000000 space 65536K,  50% used [0x0000000528000000, 0x000000052c000000)
AC   0 HC    TS     0 PTAMS 0x000000052a000000 NTAMS 0x000000052a000000 space 32768K,   0% used [0x000000052a000000, 0x000000052c000000)
AC   0 HS    TS     0 PTAMS 0x000000052c000000 NTAMS 0x000000052c000000 space 98304K,  66% used [0x000000052c000000, 0x0000000532000000)
AC   0 HC    TS     0 PTAMS 0x000000052e000000 NTAMS 0x000000052e000000 space 32768K, 100% used [0x000000052e000000, 0x0000000530000000)
AC   0 HC    TS     0 PTAMS 0x0000000530000000 NTAMS 0x0000000530000000 space 32768K,   0% used [0x0000000530000000, 0x0000000532000000)
AC   0  O    TS   105 PTAMS 0x0000000532000000 NTAMS 0x0000000532000000 space 32768K, 100% used [0x0000000532000000, 0x0000000534000000)
AC   0  O    TS   111 PTAMS 0x0000000534000000 NTAMS 0x0000000534000000 space 32768K, 100% used [0x0000000534000000, 0x0000000536000000)
AC   0  O    TS   123 PTAMS 0x0000000536000000 NTAMS 0x0000000536000000 space 32768K, 100% used [0x0000000536000000, 0x0000000538000000)
AC   0  O    TS   129 PTAMS 0x0000000538000000 NTAMS 0x0000000538000000 space 32768K, 100% used [0x0000000538000000, 0x000000053a000000)
AC   0  O    TS   139 PTAMS 0x000000053a000000 NTAMS 0x000000053a000000 space 32768K, 100% used [0x000000053a000000, 0x000000053c000000)
AC   0  O    TS   147 PTAMS 0x000000053c000000 NTAMS 0x000000053c000000 space 32768K,  76% used [0x000000053c000000, 0x000000053e000000)
AC   0  F    TS     0 PTAMS 0x000000053e000000 NTAMS 0x000000053e000000 space 32768K,   0% used [0x000000053e000000, 0x0000000540000000)
AC   0  F    TS     0 PTAMS 0x0000000540000000 NTAMS 0x0000000540000000 space 32768K,   0% used [0x0000000540000000, 0x0000000542000000)
AC   0  F    TS     0 PTAMS 0x0000000542000000 NTAMS 0x0000000542000000 space 32768K,   0% used [0x0000000542000000, 0x0000000544000000)
AC   0  F    TS     0 PTAMS 0x0000000544000000 NTAMS 0x0000000544000000 space 32768K,   0% used [0x0000000544000000, 0x0000000546000000)
AC   0  F    TS     0 PTAMS 0x0000000546000000 NTAMS 0x0000000546000000 space 32768K,   0% used [0x0000000546000000, 0x0000000548000000)
AC   0  F    TS     0 PTAMS 0x0000000548000000 NTAMS 0x0000000548000000 space 32768K,   0% used [0x0000000548000000, 0x000000054a000000)
AC   0  O    TS     0 PTAMS 0x000000054c000000 NTAMS 0x000000054c000000 space 32768K, 100% used [0x000000054a000000, 0x000000054c000000)
AC   0  O    TS     0 PTAMS 0x000000054e000000 NTAMS 0x000000054e000000 space 32768K, 100% used [0x000000054c000000, 0x000000054e000000)
AC   0  O    TS     0 PTAMS 0x0000000550000000 NTAMS 0x0000000550000000 space 32768K, 100% used [0x000000054e000000, 0x0000000550000000)
AC   0  O    TS     0 PTAMS 0x0000000552000000 NTAMS 0x0000000552000000 space 32768K, 100% used [0x0000000550000000, 0x0000000552000000)
AC   0  F    TS     0 PTAMS 0x0000000552000000 NTAMS 0x0000000552000000 space 32768K,   0% used [0x0000000552000000, 0x0000000554000000)
AC   0  F    TS     0 PTAMS 0x0000000554000000 NTAMS 0x0000000554000000 space 32768K,   0% used [0x0000000554000000, 0x0000000556000000)
AC   0  F    TS     0 PTAMS 0x0000000556000000 NTAMS 0x0000000556000000 space 32768K,   0% used [0x0000000556000000, 0x0000000558000000)
AC   0  F    TS     0 PTAMS 0x0000000558000000 NTAMS 0x0000000558000000 space 32768K,   0% used [0x0000000558000000, 0x000000055a000000)
AC   0  F    TS     0 PTAMS 0x000000055a000000 NTAMS 0x000000055a000000 space 32768K,   0% used [0x000000055a000000, 0x000000055c000000)
AC   0  F    TS     0 PTAMS 0x000000055c000000 NTAMS 0x000000055c000000 space 32768K,   0% used [0x000000055c000000, 0x000000055e000000)
AC   0  F    TS     0 PTAMS 0x000000055e000000 NTAMS 0x000000055e000000 space 32768K,   0% used [0x000000055e000000, 0x0000000560000000)
AC   0  F    TS     0 PTAMS 0x0000000560000000 NTAMS 0x0000000560000000 space 32768K,   0% used [0x0000000560000000, 0x0000000562000000)
AC   0  O    TS     0 PTAMS 0x0000000564000000 NTAMS 0x0000000564000000 space 32768K, 100% used [0x0000000562000000, 0x0000000564000000)
AC   0  O    TS     0 PTAMS 0x0000000566000000 NTAMS 0x0000000566000000 space 32768K, 100% used [0x0000000564000000, 0x0000000566000000)
AC   0  O    TS     0 PTAMS 0x0000000568000000 NTAMS 0x0000000568000000 space 32768K, 100% used [0x0000000566000000, 0x0000000568000000)
AC   0  O    TS     0 PTAMS 0x000000056a000000 NTAMS 0x000000056a000000 space 32768K, 100% used [0x0000000568000000, 0x000000056a000000)
AC   0  O    TS     0 PTAMS 0x000000056c000000 NTAMS 0x000000056c000000 space 32768K, 100% used [0x000000056a000000, 0x000000056c000000)
AC   0  O    TS     0 PTAMS 0x000000056e000000 NTAMS 0x000000056e000000 space 32768K, 100% used [0x000000056c000000, 0x000000056e000000)
AC   0  F    TS     0 PTAMS 0x000000056e000000 NTAMS 0x000000056e000000 space 32768K,   0% used [0x000000056e000000, 0x0000000570000000)
AC   0  F    TS     0 PTAMS 0x0000000570000000 NTAMS 0x0000000570000000 space 32768K,   0% used [0x0000000570000000, 0x0000000572000000)
AC   0  F    TS     0 PTAMS 0x0000000572000000 NTAMS 0x0000000572000000 space 32768K,   0% used [0x0000000572000000, 0x0000000574000000)
AC   0  F    TS     0 PTAMS 0x0000000574000000 NTAMS 0x0000000574000000 space 32768K,   0% used [0x0000000574000000, 0x0000000576000000)
AC   0  F    TS     0 PTAMS 0x0000000576000000 NTAMS 0x0000000576000000 space 32768K,   0% used [0x0000000576000000, 0x0000000578000000)
AC   0  F    TS     0 PTAMS 0x0000000578000000 NTAMS 0x0000000578000000 space 32768K,   0% used [0x0000000578000000, 0x000000057a000000)
AC   0  O    TS     0 PTAMS 0x000000057c000000 NTAMS 0x000000057c000000 space 32768K, 100% used [0x000000057a000000, 0x000000057c000000)
AC   0  O    TS     0 PTAMS 0x000000057e000000 NTAMS 0x000000057e000000 space 32768K, 100% used [0x000000057c000000, 0x000000057e000000)
AC   0  O    TS     0 PTAMS 0x0000000580000000 NTAMS 0x0000000580000000 space 32768K, 100% used [0x000000057e000000, 0x0000000580000000)
AC   0  O    TS     0 PTAMS 0x0000000582000000 NTAMS 0x0000000582000000 space 32768K, 100% used [0x0000000580000000, 0x0000000582000000)
AC   0  F    TS     0 PTAMS 0x0000000582000000 NTAMS 0x0000000582000000 space 32768K,   0% used [0x0000000582000000, 0x0000000584000000)
AC   0  O    TS     0 PTAMS 0x0000000586000000 NTAMS 0x0000000586000000 space 32768K, 100% used [0x0000000584000000, 0x0000000586000000)
AC   0  O    TS     0 PTAMS 0x0000000588000000 NTAMS 0x0000000588000000 space 32768K, 100% used [0x0000000586000000, 0x0000000588000000)
AC   0  O    TS     0 PTAMS 0x000000058a000000 NTAMS 0x000000058a000000 space 32768K, 100% used [0x0000000588000000, 0x000000058a000000)
AC   0  O    TS     0 PTAMS 0x000000058c000000 NTAMS 0x000000058c000000 space 32768K, 100% used [0x000000058a000000, 0x000000058c000000)
AC   0  O    TS     0 PTAMS 0x000000058e000000 NTAMS 0x000000058e000000 space 32768K, 100% used [0x000000058c000000, 0x000000058e000000)
AC   0  O    TS     0 PTAMS 0x0000000590000000 NTAMS 0x0000000590000000 space 32768K, 100% used [0x000000058e000000, 0x0000000590000000)
AC   0  O    TS     0 PTAMS 0x0000000592000000 NTAMS 0x0000000592000000 space 32768K, 100% used [0x0000000590000000, 0x0000000592000000)
AC   0  O    TS     0 PTAMS 0x0000000594000000 NTAMS 0x0000000594000000 space 32768K, 100% used [0x0000000592000000, 0x0000000594000000)
AC   0  O    TS     0 PTAMS 0x0000000596000000 NTAMS 0x0000000596000000 space 32768K, 100% used [0x0000000594000000, 0x0000000596000000)
AC   0  F    TS     0 PTAMS 0x0000000596000000 NTAMS 0x0000000596000000 space 32768K,   0% used [0x0000000596000000, 0x0000000598000000)
AC   0  O    TS     0 PTAMS 0x000000059a000000 NTAMS 0x000000059a000000 space 32768K, 100% used [0x0000000598000000, 0x000000059a000000)
AC   0  O    TS     0 PTAMS 0x000000059c000000 NTAMS 0x000000059c000000 space 32768K, 100% used [0x000000059a000000, 0x000000059c000000)
AC   0  O    TS     0 PTAMS 0x000000059e000000 NTAMS 0x000000059e000000 space 32768K, 100% used [0x000000059c000000, 0x000000059e000000)
AC   0  O    TS     0 PTAMS 0x00000005a0000000 NTAMS 0x00000005a0000000 space 32768K, 100% used [0x000000059e000000, 0x00000005a0000000)
AC   0  O    TS     0 PTAMS 0x00000005a2000000 NTAMS 0x00000005a2000000 space 32768K, 100% used [0x00000005a0000000, 0x00000005a2000000)
AC   0  F    TS     0 PTAMS 0x00000005a2000000 NTAMS 0x00000005a2000000 space 32768K,   0% used [0x00000005a2000000, 0x00000005a4000000)
AC   0  F    TS     0 PTAMS 0x00000005a4000000 NTAMS 0x00000005a4000000 space 32768K,   0% used [0x00000005a4000000, 0x00000005a6000000)
AC   0  F    TS     0 PTAMS 0x00000005a6000000 NTAMS 0x00000005a6000000 space 32768K,   0% used [0x00000005a6000000, 0x00000005a8000000)
AC   0  F    TS     0 PTAMS 0x00000005a8000000 NTAMS 0x00000005a8000000 space 32768K,   0% used [0x00000005a8000000, 0x00000005aa000000)
AC   0  F    TS     0 PTAMS 0x00000005aa000000 NTAMS 0x00000005aa000000 space 32768K,   0% used [0x00000005aa000000, 0x00000005ac000000)
AC   0  F    TS     0 PTAMS 0x00000005ac000000 NTAMS 0x00000005ac000000 space 32768K,   0% used [0x00000005ac000000, 0x00000005ae000000)
AC   0  F    TS     0 PTAMS 0x00000005ae000000 NTAMS 0x00000005ae000000 space 32768K,   0% used [0x00000005ae000000, 0x00000005b0000000)
AC   0  F    TS     0 PTAMS 0x00000005b0000000 NTAMS 0x00000005b0000000 space 32768K,   0% used [0x00000005b0000000, 0x00000005b2000000)
AC   0  F    TS     0 PTAMS 0x00000005b2000000 NTAMS 0x00000005b2000000 space 32768K,   0% used [0x00000005b2000000, 0x00000005b4000000)
AC   0  F    TS     0 PTAMS 0x00000005b4000000 NTAMS 0x00000005b4000000 space 32768K,   0% used [0x00000005b4000000, 0x00000005b6000000)
AC   0  O    TS     0 PTAMS 0x00000005b8000000 NTAMS 0x00000005b8000000 space 32768K, 100% used [0x00000005b6000000, 0x00000005b8000000)
AC   0  O    TS     0 PTAMS 0x00000005ba000000 NTAMS 0x00000005ba000000 space 32768K, 100% used [0x00000005b8000000, 0x00000005ba000000)
AC   0  O    TS     0 PTAMS 0x00000005bc000000 NTAMS 0x00000005bc000000 space 32768K, 100% used [0x00000005ba000000, 0x00000005bc000000)
AC   0  O    TS     0 PTAMS 0x00000005be000000 NTAMS 0x00000005be000000 space 32768K, 100% used [0x00000005bc000000, 0x00000005be000000)
AC   0  O    TS     0 PTAMS 0x00000005c0000000 NTAMS 0x00000005c0000000 space 32768K, 100% used [0x00000005be000000, 0x00000005c0000000)
AC   0  F    TS     0 PTAMS 0x00000005c0000000 NTAMS 0x00000005c0000000 space 32768K,   0% used [0x00000005c0000000, 0x00000005c2000000)
AC   0  F    TS     0 PTAMS 0x00000005c2000000 NTAMS 0x00000005c2000000 space 32768K,   0% used [0x00000005c2000000, 0x00000005c4000000)
AC   0  F    TS     0 PTAMS 0x00000005c4000000 NTAMS 0x00000005c4000000 space 32768K,   0% used [0x00000005c4000000, 0x00000005c6000000)
AC   0  F    TS     0 PTAMS 0x00000005c6000000 NTAMS 0x00000005c6000000 space 32768K,   0% used [0x00000005c6000000, 0x00000005c8000000)
AC   0  F    TS     0 PTAMS 0x00000005c8000000 NTAMS 0x00000005c8000000 space 32768K,   0% used [0x00000005c8000000, 0x00000005ca000000)
AC   0  F    TS     0 PTAMS 0x00000005ca000000 NTAMS 0x00000005ca000000 space 32768K,   0% used [0x00000005ca000000, 0x00000005cc000000)
AC   0  F    TS     0 PTAMS 0x00000005cc000000 NTAMS 0x00000005cc000000 space 32768K,   0% used [0x00000005cc000000, 0x00000005ce000000)
AC   0  F    TS     0 PTAMS 0x00000005ce000000 NTAMS 0x00000005ce000000 space 32768K,   0% used [0x00000005ce000000, 0x00000005d0000000)
AC   0  F    TS     0 PTAMS 0x00000005d0000000 NTAMS 0x00000005d0000000 space 32768K,   0% used [0x00000005d0000000, 0x00000005d2000000)
AC   0  F    TS     0 PTAMS 0x00000005d2000000 NTAMS 0x00000005d2000000 space 32768K,   0% used [0x00000005d2000000, 0x00000005d4000000)
AC   0  F    TS     0 PTAMS 0x00000005d4000000 NTAMS 0x00000005d4000000 space 32768K,   0% used [0x00000005d4000000, 0x00000005d6000000)
AC   0  F    TS     0 PTAMS 0x00000005d6000000 NTAMS 0x00000005d6000000 space 32768K,   0% used [0x00000005d6000000, 0x00000005d8000000)
AC   0  F    TS     0 PTAMS 0x00000005d8000000 NTAMS 0x00000005d8000000 space 32768K,   0% used [0x00000005d8000000, 0x00000005da000000)
AC   0  F    TS     0 PTAMS 0x00000005da000000 NTAMS 0x00000005da000000 space 32768K,   0% used [0x00000005da000000, 0x00000005dc000000)
AC   0  F    TS     0 PTAMS 0x00000005dc000000 NTAMS 0x00000005dc000000 space 32768K,   0% used [0x00000005dc000000, 0x00000005de000000)
AC   0  F    TS     0 PTAMS 0x00000005de000000 NTAMS 0x00000005de000000 space 32768K,   0% used [0x00000005de000000, 0x00000005e0000000)
AC   0  F    TS     0 PTAMS 0x00000005e0000000 NTAMS 0x00000005e0000000 space 32768K,   0% used [0x00000005e0000000, 0x00000005e2000000)
AC   0  F    TS     0 PTAMS 0x00000005e2000000 NTAMS 0x00000005e2000000 space 32768K,   0% used [0x00000005e2000000, 0x00000005e4000000)
AC   0  F    TS     0 PTAMS 0x00000005e4000000 NTAMS 0x00000005e4000000 space 32768K,   0% used [0x00000005e4000000, 0x00000005e6000000)
AC   0  F    TS    45 PTAMS 0x00000005e6000000 NTAMS 0x00000005e6000000 space 32768K,   0% used [0x00000005e6000000, 0x00000005e8000000)
AC   0  F    TS    43 PTAMS 0x00000005e8000000 NTAMS 0x00000005e8000000 space 32768K,   0% used [0x00000005e8000000, 0x00000005ea000000)
AC   0  F    TS    43 PTAMS 0x00000005ea000000 NTAMS 0x00000005ea000000 space 32768K,   0% used [0x00000005ea000000, 0x00000005ec000000)
AC   0  F    TS    53 PTAMS 0x00000005ec000000 NTAMS 0x00000005ec000000 space 32768K,   0% used [0x00000005ec000000, 0x00000005ee000000)
AC   0  F    TS    53 PTAMS 0x00000005ee000000 NTAMS 0x00000005ee000000 space 32768K,   0% used [0x00000005ee000000, 0x00000005f0000000)
AC   0  F    TS    53 PTAMS 0x00000005f0000000 NTAMS 0x00000005f0000000 space 32768K,   0% used [0x00000005f0000000, 0x00000005f2000000)
AC   0  F    TS    63 PTAMS 0x00000005f2000000 NTAMS 0x00000005f2000000 space 32768K,   0% used [0x00000005f2000000, 0x00000005f4000000)
AC   0  F    TS    67 PTAMS 0x00000005f4000000 NTAMS 0x00000005f4000000 space 32768K,   0% used [0x00000005f4000000, 0x00000005f6000000)
AC   0  F    TS    67 PTAMS 0x00000005f6000000 NTAMS 0x00000005f6000000 space 32768K,   0% used [0x00000005f6000000, 0x00000005f8000000)
AC   0  F    TS    65 PTAMS 0x00000005f8000000 NTAMS 0x00000005f8000000 space 32768K,   0% used [0x00000005f8000000, 0x00000005fa000000)
AC   0  F    TS    65 PTAMS 0x00000005fa000000 NTAMS 0x00000005fa000000 space 32768K,   0% used [0x00000005fa000000, 0x00000005fc000000)
AC   0  F    TS    65 PTAMS 0x00000005fc000000 NTAMS 0x00000005fc000000 space 32768K,   0% used [0x00000005fc000000, 0x00000005fe000000)
AC   0  F    TS    69 PTAMS 0x00000005fe000000 NTAMS 0x00000005fe000000 space 32768K,   0% used [0x00000005fe000000, 0x0000000600000000)
AC   0  F    TS    69 PTAMS 0x0000000600000000 NTAMS 0x0000000600000000 space 32768K,   0% used [0x0000000600000000, 0x0000000602000000)
AC   0  F    TS    67 PTAMS 0x0000000602000000 NTAMS 0x0000000602000000 space 32768K,   0% used [0x0000000602000000, 0x0000000604000000)
AC   0  F    TS    71 PTAMS 0x0000000604000000 NTAMS 0x0000000604000000 space 32768K,   0% used [0x0000000604000000, 0x0000000606000000)
AC   0  F    TS    77 PTAMS 0x0000000606000000 NTAMS 0x0000000606000000 space 32768K,   0% used [0x0000000606000000, 0x0000000608000000)
AC   0  F    TS    97 PTAMS 0x0000000608000000 NTAMS 0x0000000608000000 space 32768K,   0% used [0x0000000608000000, 0x000000060a000000)
AC   0  F    TS    97 PTAMS 0x000000060a000000 NTAMS 0x000000060a000000 space 32768K,   0% used [0x000000060a000000, 0x000000060c000000)
AC   0  F    TS   103 PTAMS 0x000000060c000000 NTAMS 0x000000060c000000 space 32768K,   0% used [0x000000060c000000, 0x000000060e000000)
AC   0  F    TS   101 PTAMS 0x000000060e000000 NTAMS 0x000000060e000000 space 32768K,   0% used [0x000000060e000000, 0x0000000610000000)
AC   0  F    TS   123 PTAMS 0x0000000610000000 NTAMS 0x0000000610000000 space 32768K,   0% used [0x0000000610000000, 0x0000000612000000)
AC   0  F    TS   123 PTAMS 0x0000000612000000 NTAMS 0x0000000612000000 space 32768K,   0% used [0x0000000612000000, 0x0000000614000000)
AC   0  F    TS   135 PTAMS 0x0000000614000000 NTAMS 0x0000000614000000 space 32768K,   0% used [0x0000000614000000, 0x0000000616000000)
AC   0  S CS TS   147 PTAMS 0x0000000616000000 NTAMS 0x0000000616000000 space 32768K,  47% used [0x0000000616000000, 0x0000000618000000)
AC   0  F    TS   145 PTAMS 0x0000000618000000 NTAMS 0x0000000618000000 space 32768K,   0% used [0x0000000618000000, 0x000000061a000000)
AC   0  S CS TS   147 PTAMS 0x000000061a000000 NTAMS 0x000000061a000000 space 32768K, 100% used [0x000000061a000000, 0x000000061c000000)
AC   0  S CS TS   147 PTAMS 0x000000061c000000 NTAMS 0x000000061c000000 space 32768K, 100% used [0x000000061c000000, 0x000000061e000000)
AC   0  S CS TS   147 PTAMS 0x000000061e000000 NTAMS 0x000000061e000000 space 32768K, 100% used [0x000000061e000000, 0x0000000620000000)
AC   0  S CS TS   147 PTAMS 0x0000000620000000 NTAMS 0x0000000620000000 space 32768K, 100% used [0x0000000620000000, 0x0000000622000000)
AC   0  S CS TS   147 PTAMS 0x0000000622000000 NTAMS 0x0000000622000000 space 32768K, 100% used [0x0000000622000000, 0x0000000624000000)
AC   0  S CS TS   147 PTAMS 0x0000000624000000 NTAMS 0x0000000624000000 space 32768K, 100% used [0x0000000624000000, 0x0000000626000000)
AC   0  F    TS   145 PTAMS 0x0000000626000000 NTAMS 0x0000000626000000 space 32768K,   0% used [0x0000000626000000, 0x0000000628000000)
AC   0  F    TS   145 PTAMS 0x0000000628000000 NTAMS 0x0000000628000000 space 32768K,   0% used [0x0000000628000000, 0x000000062a000000)
AC   0  F    TS   145 PTAMS 0x000000062a000000 NTAMS 0x000000062a000000 space 32768K,   0% used [0x000000062a000000, 0x000000062c000000)
AC   0  F    TS   145 PTAMS 0x000000062c000000 NTAMS 0x000000062c000000 space 32768K,   0% used [0x000000062c000000, 0x000000062e000000)
AC   0  F    TS   145 PTAMS 0x000000062e000000 NTAMS 0x000000062e000000 space 32768K,   0% used [0x000000062e000000, 0x0000000630000000)
AC   0  F    TS   141 PTAMS 0x0000000630000000 NTAMS 0x0000000630000000 space 32768K,   0% used [0x0000000630000000, 0x0000000632000000)
AC   0  F    TS   141 PTAMS 0x0000000632000000 NTAMS 0x0000000632000000 space 32768K,   0% used [0x0000000632000000, 0x0000000634000000)
AC   0  F    TS   137 PTAMS 0x0000000634000000 NTAMS 0x0000000634000000 space 32768K,   0% used [0x0000000634000000, 0x0000000636000000)
AC   0  F    TS   137 PTAMS 0x0000000636000000 NTAMS 0x0000000636000000 space 32768K,   0% used [0x0000000636000000, 0x0000000638000000)
AC   0  F    TS   139 PTAMS 0x0000000638000000 NTAMS 0x0000000638000000 space 32768K,   0% used [0x0000000638000000, 0x000000063a000000)
AC   0  F    TS   125 PTAMS 0x000000063a000000 NTAMS 0x000000063a000000 space 32768K,   0% used [0x000000063a000000, 0x000000063c000000)
AC   0  F    TS   125 PTAMS 0x000000063c000000 NTAMS 0x000000063c000000 space 32768K,   0% used [0x000000063c000000, 0x000000063e000000)
AC   0  F    TS   125 PTAMS 0x000000063e000000 NTAMS 0x000000063e000000 space 32768K,   0% used [0x000000063e000000, 0x0000000640000000)
AC   0  F    TS   125 PTAMS 0x0000000640000000 NTAMS 0x0000000640000000 space 32768K,   0% used [0x0000000640000000, 0x0000000642000000)
AC   0  F    TS    75 PTAMS 0x0000000642000000 NTAMS 0x0000000642000000 space 32768K,   0% used [0x0000000642000000, 0x0000000644000000)
AC   0  F    TS    75 PTAMS 0x0000000644000000 NTAMS 0x0000000644000000 space 32768K,   0% used [0x0000000644000000, 0x0000000646000000)
AC   0  F    TS    75 PTAMS 0x0000000646000000 NTAMS 0x0000000646000000 space 32768K,   0% used [0x0000000646000000, 0x0000000648000000)
AC   0  F    TS    75 PTAMS 0x0000000648000000 NTAMS 0x0000000648000000 space 32768K,   0% used [0x0000000648000000, 0x000000064a000000)
AC   0  F    TS    75 PTAMS 0x000000064a000000 NTAMS 0x000000064a000000 space 32768K,   0% used [0x000000064a000000, 0x000000064c000000)
AC   0  F    TS     0 PTAMS 0x000000064c000000 NTAMS 0x000000064c000000 space 32768K,   0% used [0x000000064c000000, 0x000000064e000000)
AC   0  F    TS     0 PTAMS 0x000000064e000000 NTAMS 0x000000064e000000 space 32768K,   0% used [0x000000064e000000, 0x0000000650000000)
AC   0  F    TS     0 PTAMS 0x0000000650000000 NTAMS 0x0000000650000000 space 32768K,   0% used [0x0000000650000000, 0x0000000652000000)
AC   0  F    TS     0 PTAMS 0x0000000652000000 NTAMS 0x0000000652000000 space 32768K,   0% used [0x0000000652000000, 0x0000000654000000)
AC   0  F    TS     0 PTAMS 0x0000000654000000 NTAMS 0x0000000654000000 space 32768K,   0% used [0x0000000654000000, 0x0000000656000000)
AC   0  F    TS     0 PTAMS 0x0000000656000000 NTAMS 0x0000000656000000 space 32768K,   0% used [0x0000000656000000, 0x0000000658000000)
AC   0  F    TS     0 PTAMS 0x0000000658000000 NTAMS 0x0000000658000000 space 32768K,   0% used [0x0000000658000000, 0x000000065a000000)
AC   0  F    TS     0 PTAMS 0x000000065a000000 NTAMS 0x000000065a000000 space 32768K,   0% used [0x000000065a000000, 0x000000065c000000)
AC   0  F    TS     0 PTAMS 0x000000065c000000 NTAMS 0x000000065c000000 space 32768K,   0% used [0x000000065c000000, 0x000000065e000000)
AC   0  F    TS     0 PTAMS 0x000000065e000000 NTAMS 0x000000065e000000 space 32768K,   0% used [0x000000065e000000, 0x0000000660000000)
AC   0  F    TS    85 PTAMS 0x0000000660000000 NTAMS 0x0000000660000000 space 32768K,   0% used [0x0000000660000000, 0x0000000662000000)
AC   0  F    TS    85 PTAMS 0x0000000662000000 NTAMS 0x0000000662000000 space 32768K,   0% used [0x0000000662000000, 0x0000000664000000)
AC   0  F    TS    85 PTAMS 0x0000000664000000 NTAMS 0x0000000664000000 space 32768K,   0% used [0x0000000664000000, 0x0000000666000000)
AC   0  F    TS    85 PTAMS 0x0000000666000000 NTAMS 0x0000000666000000 space 32768K,   0% used [0x0000000666000000, 0x0000000668000000)
AC   0  F    TS    85 PTAMS 0x0000000668000000 NTAMS 0x0000000668000000 space 32768K,   0% used [0x0000000668000000, 0x000000066a000000)
AC   0  F    TS    85 PTAMS 0x000000066a000000 NTAMS 0x000000066a000000 space 32768K,   0% used [0x000000066a000000, 0x000000066c000000)
AC   0  F    TS    85 PTAMS 0x000000066c000000 NTAMS 0x000000066c000000 space 32768K,   0% used [0x000000066c000000, 0x000000066e000000)
AC   0  F    TS    85 PTAMS 0x000000066e000000 NTAMS 0x000000066e000000 space 32768K,   0% used [0x000000066e000000, 0x0000000670000000)
AC   0  F    TS     0 PTAMS 0x0000000670000000 NTAMS 0x0000000670000000 space 32768K,   0% used [0x0000000670000000, 0x0000000672000000)
AC   0  F    TS     0 PTAMS 0x0000000672000000 NTAMS 0x0000000672000000 space 32768K,   0% used [0x0000000672000000, 0x0000000674000000)
AC   0  F    TS     0 PTAMS 0x0000000674000000 NTAMS 0x0000000674000000 space 32768K,   0% used [0x0000000674000000, 0x0000000676000000)
AC   0  F    TS     0 PTAMS 0x0000000676000000 NTAMS 0x0000000676000000 space 32768K,   0% used [0x0000000676000000, 0x0000000678000000)
AC   0  F    TS     0 PTAMS 0x0000000678000000 NTAMS 0x0000000678000000 space 32768K,   0% used [0x0000000678000000, 0x000000067a000000)
AC   0  F    TS    23 PTAMS 0x000000067a000000 NTAMS 0x000000067a000000 space 32768K,   0% used [0x000000067a000000, 0x000000067c000000)
AC   0  F    TS    23 PTAMS 0x000000067c000000 NTAMS 0x000000067c000000 space 32768K,   0% used [0x000000067c000000, 0x000000067e000000)
AC   0  F    TS    23 PTAMS 0x000000067e000000 NTAMS 0x000000067e000000 space 32768K,   0% used [0x000000067e000000, 0x0000000680000000)
AC   0  F    TS    23 PTAMS 0x0000000680000000 NTAMS 0x0000000680000000 space 32768K,   0% used [0x0000000680000000, 0x0000000682000000)
AC   0  F    TS    23 PTAMS 0x0000000682000000 NTAMS 0x0000000682000000 space 32768K,   0% used [0x0000000682000000, 0x0000000684000000)
AC   0  F    TS    23 PTAMS 0x0000000684000000 NTAMS 0x0000000684000000 space 32768K,   0% used [0x0000000684000000, 0x0000000686000000)
AC   0  F    TS    23 PTAMS 0x0000000686000000 NTAMS 0x0000000686000000 space 32768K,   0% used [0x0000000686000000, 0x0000000688000000)
AC   0  F    TS    35 PTAMS 0x0000000688000000 NTAMS 0x0000000688000000 space 32768K,   0% used [0x0000000688000000, 0x000000068a000000)
AC   0  F    TS    35 PTAMS 0x000000068a000000 NTAMS 0x000000068a000000 space 32768K,   0% used [0x000000068a000000, 0x000000068c000000)
AC   0  F    TS    35 PTAMS 0x000000068c000000 NTAMS 0x000000068c000000 space 32768K,   0% used [0x000000068c000000, 0x000000068e000000)
AC   0  F    TS    35 PTAMS 0x000000068e000000 NTAMS 0x000000068e000000 space 32768K,   0% used [0x000000068e000000, 0x0000000690000000)
AC   0  F    TS    35 PTAMS 0x0000000690000000 NTAMS 0x0000000690000000 space 32768K,   0% used [0x0000000690000000, 0x0000000692000000)
AC   0  F    TS    35 PTAMS 0x0000000692000000 NTAMS 0x0000000692000000 space 32768K,   0% used [0x0000000692000000, 0x0000000694000000)
AC   0  F    TS    35 PTAMS 0x0000000694000000 NTAMS 0x0000000694000000 space 32768K,   0% used [0x0000000694000000, 0x0000000696000000)
AC   0  F    TS    35 PTAMS 0x0000000696000000 NTAMS 0x0000000696000000 space 32768K,   0% used [0x0000000696000000, 0x0000000698000000)
AC   0  F    TS    35 PTAMS 0x0000000698000000 NTAMS 0x0000000698000000 space 32768K,   0% used [0x0000000698000000, 0x000000069a000000)
AC   0  F    TS    29 PTAMS 0x000000069a000000 NTAMS 0x000000069a000000 space 32768K,   0% used [0x000000069a000000, 0x000000069c000000)
AC   0  F    TS    29 PTAMS 0x000000069c000000 NTAMS 0x000000069c000000 space 32768K,   0% used [0x000000069c000000, 0x000000069e000000)
AC   0  F    TS    29 PTAMS 0x000000069e000000 NTAMS 0x000000069e000000 space 32768K,   0% used [0x000000069e000000, 0x00000006a0000000)
AC   0  F    TS    29 PTAMS 0x00000006a0000000 NTAMS 0x00000006a0000000 space 32768K,   0% used [0x00000006a0000000, 0x00000006a2000000)
AC   0  F    TS    29 PTAMS 0x00000006a2000000 NTAMS 0x00000006a2000000 space 32768K,   0% used [0x00000006a2000000, 0x00000006a4000000)
AC   0  F    TS    37 PTAMS 0x00000006a4000000 NTAMS 0x00000006a4000000 space 32768K,   0% used [0x00000006a4000000, 0x00000006a6000000)
AC   0  F    TS    37 PTAMS 0x00000006a6000000 NTAMS 0x00000006a6000000 space 32768K,   0% used [0x00000006a6000000, 0x00000006a8000000)
AC   0  F    TS    37 PTAMS 0x00000006a8000000 NTAMS 0x00000006a8000000 space 32768K,   0% used [0x00000006a8000000, 0x00000006aa000000)
AC   0  F    TS    37 PTAMS 0x00000006aa000000 NTAMS 0x00000006aa000000 space 32768K,   0% used [0x00000006aa000000, 0x00000006ac000000)
AC   0  F    TS    37 PTAMS 0x00000006ac000000 NTAMS 0x00000006ac000000 space 32768K,   0% used [0x00000006ac000000, 0x00000006ae000000)
AC   0  F    TS    37 PTAMS 0x00000006ae000000 NTAMS 0x00000006ae000000 space 32768K,   0% used [0x00000006ae000000, 0x00000006b0000000)
AC   0  F    TS    37 PTAMS 0x00000006b0000000 NTAMS 0x00000006b0000000 space 32768K,   0% used [0x00000006b0000000, 0x00000006b2000000)
AC   0  F    TS    37 PTAMS 0x00000006b2000000 NTAMS 0x00000006b2000000 space 32768K,   0% used [0x00000006b2000000, 0x00000006b4000000)
AC   0  F    TS    73 PTAMS 0x00000006b4000000 NTAMS 0x00000006b4000000 space 32768K,   0% used [0x00000006b4000000, 0x00000006b6000000)
AC   0  F    TS    73 PTAMS 0x00000006b6000000 NTAMS 0x00000006b6000000 space 32768K,   0% used [0x00000006b6000000, 0x00000006b8000000)
AC   0  F    TS    73 PTAMS 0x00000006b8000000 NTAMS 0x00000006b8000000 space 32768K,   0% used [0x00000006b8000000, 0x00000006ba000000)
AC   0  F    TS    73 PTAMS 0x00000006ba000000 NTAMS 0x00000006ba000000 space 32768K,   0% used [0x00000006ba000000, 0x00000006bc000000)
AC   0  F    TS    73 PTAMS 0x00000006bc000000 NTAMS 0x00000006bc000000 space 32768K,   0% used [0x00000006bc000000, 0x00000006be000000)
AC   0  F    TS    73 PTAMS 0x00000006be000000 NTAMS 0x00000006be000000 space 32768K,   0% used [0x00000006be000000, 0x00000006c0000000)
AC   0  F    TS    73 PTAMS 0x00000006c0000000 NTAMS 0x00000006c0000000 space 32768K,   0% used [0x00000006c0000000, 0x00000006c2000000)
AC   0  F    TS    73 PTAMS 0x00000006c2000000 NTAMS 0x00000006c2000000 space 32768K,   0% used [0x00000006c2000000, 0x00000006c4000000)
AC   0  F    TS    73 PTAMS 0x00000006c4000000 NTAMS 0x00000006c4000000 space 32768K,   0% used [0x00000006c4000000, 0x00000006c6000000)
AC   0  F    TS    73 PTAMS 0x00000006c6000000 NTAMS 0x00000006c6000000 space 32768K,   0% used [0x00000006c6000000, 0x00000006c8000000)
AC   0  F    TS    73 PTAMS 0x00000006c8000000 NTAMS 0x00000006c8000000 space 32768K,   0% used [0x00000006c8000000, 0x00000006ca000000)
AC   0  F    TS    21 PTAMS 0x00000006ca000000 NTAMS 0x00000006ca000000 space 32768K,   0% used [0x00000006ca000000, 0x00000006cc000000)
AC   0  F    TS     0 PTAMS 0x00000006cc000000 NTAMS 0x00000006cc000000 space 32768K,   0% used [0x00000006cc000000, 0x00000006ce000000)
AC   0  F    TS    33 PTAMS 0x00000006ce000000 NTAMS 0x00000006ce000000 space 32768K,   0% used [0x00000006ce000000, 0x00000006d0000000)
AC   0  F    TS    31 PTAMS 0x00000006d0000000 NTAMS 0x00000006d0000000 space 32768K,   0% used [0x00000006d0000000, 0x00000006d2000000)
AC   0  F    TS    31 PTAMS 0x00000006d2000000 NTAMS 0x00000006d2000000 space 32768K,   0% used [0x00000006d2000000, 0x00000006d4000000)
AC   0  F    TS    31 PTAMS 0x00000006d4000000 NTAMS 0x00000006d4000000 space 32768K,   0% used [0x00000006d4000000, 0x00000006d6000000)
AC   0  F    TS    31 PTAMS 0x00000006d6000000 NTAMS 0x00000006d6000000 space 32768K,   0% used [0x00000006d6000000, 0x00000006d8000000)
AC   0  F    TS    31 PTAMS 0x00000006d8000000 NTAMS 0x00000006d8000000 space 32768K,   0% used [0x00000006d8000000, 0x00000006da000000)
AC   0  F    TS    31 PTAMS 0x00000006da000000 NTAMS 0x00000006da000000 space 32768K,   0% used [0x00000006da000000, 0x00000006dc000000)
AC   0  F    TS    31 PTAMS 0x00000006dc000000 NTAMS 0x00000006dc000000 space 32768K,   0% used [0x00000006dc000000, 0x00000006de000000)
AC   0  F    TS    31 PTAMS 0x00000006de000000 NTAMS 0x00000006de000000 space 32768K,   0% used [0x00000006de000000, 0x00000006e0000000)
AC   0  F    TS    31 PTAMS 0x00000006e0000000 NTAMS 0x00000006e0000000 space 32768K,   0% used [0x00000006e0000000, 0x00000006e2000000)
AC   0  F    TS    31 PTAMS 0x00000006e2000000 NTAMS 0x00000006e2000000 space 32768K,   0% used [0x00000006e2000000, 0x00000006e4000000)
AC   0  F    TS    33 PTAMS 0x00000006e4000000 NTAMS 0x00000006e4000000 space 32768K,   0% used [0x00000006e4000000, 0x00000006e6000000)
AC   0  F    TS    33 PTAMS 0x00000006e6000000 NTAMS 0x00000006e6000000 space 32768K,   0% used [0x00000006e6000000, 0x00000006e8000000)
AC   0  F    TS    33 PTAMS 0x00000006e8000000 NTAMS 0x00000006e8000000 space 32768K,   0% used [0x00000006e8000000, 0x00000006ea000000)
AC   0  F    TS    33 PTAMS 0x00000006ea000000 NTAMS 0x00000006ea000000 space 32768K,   0% used [0x00000006ea000000, 0x00000006ec000000)
AC   0  F    TS    33 PTAMS 0x00000006ec000000 NTAMS 0x00000006ec000000 space 32768K,   0% used [0x00000006ec000000, 0x00000006ee000000)
AC   0  F    TS    33 PTAMS 0x00000006ee000000 NTAMS 0x00000006ee000000 space 32768K,   0% used [0x00000006ee000000, 0x00000006f0000000)
AC   0  F    TS    33 PTAMS 0x00000006f0000000 NTAMS 0x00000006f0000000 space 32768K,   0% used [0x00000006f0000000, 0x00000006f2000000)
AC   0  F    TS    33 PTAMS 0x00000006f2000000 NTAMS 0x00000006f2000000 space 32768K,   0% used [0x00000006f2000000, 0x00000006f4000000)
AC   0  F    TS    33 PTAMS 0x00000006f4000000 NTAMS 0x00000006f4000000 space 32768K,   0% used [0x00000006f4000000, 0x00000006f6000000)
AC   0  F    TS     0 PTAMS 0x00000006f6000000 NTAMS 0x00000006f6000000 space 32768K,   0% used [0x00000006f6000000, 0x00000006f8000000)
AC   0  F    TS     0 PTAMS 0x00000006f8000000 NTAMS 0x00000006f8000000 space 32768K,   0% used [0x00000006f8000000, 0x00000006fa000000)
AC   0  F    TS     0 PTAMS 0x00000006fa000000 NTAMS 0x00000006fa000000 space 32768K,   0% used [0x00000006fa000000, 0x00000006fc000000)
AC   0  F    TS     0 PTAMS 0x00000006fc000000 NTAMS 0x00000006fc000000 space 32768K,   0% used [0x00000006fc000000, 0x00000006fe000000)
AC   0  F    TS     0 PTAMS 0x00000006fe000000 NTAMS 0x00000006fe000000 space 32768K,   0% used [0x00000006fe000000, 0x0000000700000000)
AC   0  F    TS     0 PTAMS 0x0000000700000000 NTAMS 0x0000000700000000 space 32768K,   0% used [0x0000000700000000, 0x0000000702000000)
AC   0  F    TS     0 PTAMS 0x0000000702000000 NTAMS 0x0000000702000000 space 32768K,   0% used [0x0000000702000000, 0x0000000704000000)
AC   0  F    TS     0 PTAMS 0x0000000704000000 NTAMS 0x0000000704000000 space 32768K,   0% used [0x0000000704000000, 0x0000000706000000)
AC   0  F    TS     0 PTAMS 0x0000000706000000 NTAMS 0x0000000706000000 space 32768K,   0% used [0x0000000706000000, 0x0000000708000000)
AC   0  F    TS     0 PTAMS 0x0000000708000000 NTAMS 0x0000000708000000 space 32768K,   0% used [0x0000000708000000, 0x000000070a000000)
AC   0  F    TS     0 PTAMS 0x000000070a000000 NTAMS 0x000000070a000000 space 32768K,   0% used [0x000000070a000000, 0x000000070c000000)
AC   0  F    TS     0 PTAMS 0x000000070c000000 NTAMS 0x000000070c000000 space 32768K,   0% used [0x000000070c000000, 0x000000070e000000)
AC   0  F    TS     0 PTAMS 0x000000070e000000 NTAMS 0x000000070e000000 space 32768K,   0% used [0x000000070e000000, 0x0000000710000000)
AC   0  F    TS    17 PTAMS 0x0000000710000000 NTAMS 0x0000000710000000 space 32768K,   0% used [0x0000000710000000, 0x0000000712000000)
AC   0  F    TS    17 PTAMS 0x0000000712000000 NTAMS 0x0000000712000000 space 32768K,   0% used [0x0000000712000000, 0x0000000714000000)
AC   0  F    TS    17 PTAMS 0x0000000714000000 NTAMS 0x0000000714000000 space 32768K,   0% used [0x0000000714000000, 0x0000000716000000)
AC   0  F    TS    15 PTAMS 0x0000000716000000 NTAMS 0x0000000716000000 space 32768K,   0% used [0x0000000716000000, 0x0000000718000000)
AC   0  F    TS    17 PTAMS 0x0000000718000000 NTAMS 0x0000000718000000 space 32768K,   0% used [0x0000000718000000, 0x000000071a000000)
AC   0  F    TS    17 PTAMS 0x000000071a000000 NTAMS 0x000000071a000000 space 32768K,   0% used [0x000000071a000000, 0x000000071c000000)
AC   0  F    TS    17 PTAMS 0x000000071c000000 NTAMS 0x000000071c000000 space 32768K,   0% used [0x000000071c000000, 0x000000071e000000)
AC   0  F    TS    17 PTAMS 0x000000071e000000 NTAMS 0x000000071e000000 space 32768K,   0% used [0x000000071e000000, 0x0000000720000000)
AC   0  F    TS    15 PTAMS 0x0000000720000000 NTAMS 0x0000000720000000 space 32768K,   0% used [0x0000000720000000, 0x0000000722000000)
AC   0  F    TS    15 PTAMS 0x0000000722000000 NTAMS 0x0000000722000000 space 32768K,   0% used [0x0000000722000000, 0x0000000724000000)
AC   0  F    TS    15 PTAMS 0x0000000724000000 NTAMS 0x0000000724000000 space 32768K,   0% used [0x0000000724000000, 0x0000000726000000)
AC   0  F    TS    15 PTAMS 0x0000000726000000 NTAMS 0x0000000726000000 space 32768K,   0% used [0x0000000726000000, 0x0000000728000000)
AC   0  F    TS    17 PTAMS 0x0000000728000000 NTAMS 0x0000000728000000 space 32768K,   0% used [0x0000000728000000, 0x000000072a000000)
AC   0  F    TS    13 PTAMS 0x000000072a000000 NTAMS 0x000000072a000000 space 32768K,   0% used [0x000000072a000000, 0x000000072c000000)
AC   0  F    TS    13 PTAMS 0x000000072c000000 NTAMS 0x000000072c000000 space 32768K,   0% used [0x000000072c000000, 0x000000072e000000)
AC   0  F    TS    83 PTAMS 0x000000072e000000 NTAMS 0x000000072e000000 space 32768K,   0% used [0x000000072e000000, 0x0000000730000000)
AC   0  F    TS    83 PTAMS 0x0000000730000000 NTAMS 0x0000000730000000 space 32768K,   0% used [0x0000000730000000, 0x0000000732000000)
AC   0  F    TS    83 PTAMS 0x0000000732000000 NTAMS 0x0000000732000000 space 32768K,   0% used [0x0000000732000000, 0x0000000734000000)
AC   0  F    TS    83 PTAMS 0x0000000734000000 NTAMS 0x0000000734000000 space 32768K,   0% used [0x0000000734000000, 0x0000000736000000)
AC   0  F    TS    83 PTAMS 0x0000000736000000 NTAMS 0x0000000736000000 space 32768K,   0% used [0x0000000736000000, 0x0000000738000000)
AC   0  F    TS    83 PTAMS 0x0000000738000000 NTAMS 0x0000000738000000 space 32768K,   0% used [0x0000000738000000, 0x000000073a000000)
AC   0  F    TS    83 PTAMS 0x000000073a000000 NTAMS 0x000000073a000000 space 32768K,   0% used [0x000000073a000000, 0x000000073c000000)
AC   0  F    TS    83 PTAMS 0x000000073c000000 NTAMS 0x000000073c000000 space 32768K,   0% used [0x000000073c000000, 0x000000073e000000)
AC   0  F    TS     0 PTAMS 0x000000073e000000 NTAMS 0x000000073e000000 space 32768K,   0% used [0x000000073e000000, 0x0000000740000000)
AC   0  E    TS     0 PTAMS 0x0000000740000000 NTAMS 0x0000000740000000 space 32768K,  47% used [0x0000000740000000, 0x0000000742000000)
AC   0  E CS TS     0 PTAMS 0x0000000742000000 NTAMS 0x0000000742000000 space 32768K, 100% used [0x0000000742000000, 0x0000000744000000)
AC   0  E CS TS     0 PTAMS 0x0000000744000000 NTAMS 0x0000000744000000 space 32768K, 100% used [0x0000000744000000, 0x0000000746000000)
AC   0  E CS TS     0 PTAMS 0x0000000746000000 NTAMS 0x0000000746000000 space 32768K, 100% used [0x0000000746000000, 0x0000000748000000)
AC   0  E CS TS     0 PTAMS 0x0000000748000000 NTAMS 0x0000000748000000 space 32768K, 100% used [0x0000000748000000, 0x000000074a000000)
AC   0  E CS TS     0 PTAMS 0x000000074a000000 NTAMS 0x000000074a000000 space 32768K, 100% used [0x000000074a000000, 0x000000074c000000)
AC   0  E CS TS     0 PTAMS 0x000000074c000000 NTAMS 0x000000074c000000 space 32768K, 100% used [0x000000074c000000, 0x000000074e000000)
AC   0  E CS TS     0 PTAMS 0x000000074e000000 NTAMS 0x000000074e000000 space 32768K, 100% used [0x000000074e000000, 0x0000000750000000)
AC   0  E CS TS     0 PTAMS 0x0000000750000000 NTAMS 0x0000000750000000 space 32768K, 100% used [0x0000000750000000, 0x0000000752000000)
AC   0  E CS TS     0 PTAMS 0x0000000752000000 NTAMS 0x0000000752000000 space 32768K, 100% used [0x0000000752000000, 0x0000000754000000)
AC   0  E CS TS     0 PTAMS 0x0000000754000000 NTAMS 0x0000000754000000 space 32768K, 100% used [0x0000000754000000, 0x0000000756000000)
AC   0  E CS TS     0 PTAMS 0x0000000756000000 NTAMS 0x0000000756000000 space 32768K, 100% used [0x0000000756000000, 0x0000000758000000)
AC   0  E CS TS     0 PTAMS 0x0000000758000000 NTAMS 0x0000000758000000 space 32768K, 100% used [0x0000000758000000, 0x000000075a000000)
AC   0  E CS TS     0 PTAMS 0x000000075a000000 NTAMS 0x000000075a000000 space 32768K, 100% used [0x000000075a000000, 0x000000075c000000)
AC   0  E CS TS     0 PTAMS 0x000000075c000000 NTAMS 0x000000075c000000 space 32768K, 100% used [0x000000075c000000, 0x000000075e000000)
AC   0  E CS TS     0 PTAMS 0x000000075e000000 NTAMS 0x000000075e000000 space 32768K, 100% used [0x000000075e000000, 0x0000000760000000)
AC   0  E CS TS     0 PTAMS 0x0000000760000000 NTAMS 0x0000000760000000 space 32768K, 100% used [0x0000000760000000, 0x0000000762000000)
AC   0  E CS TS     0 PTAMS 0x0000000762000000 NTAMS 0x0000000762000000 space 32768K, 100% used [0x0000000762000000, 0x0000000764000000)
AC   0  E CS TS     0 PTAMS 0x0000000764000000 NTAMS 0x0000000764000000 space 32768K, 100% used [0x0000000764000000, 0x0000000766000000)
AC   0  E CS TS     0 PTAMS 0x0000000766000000 NTAMS 0x0000000766000000 space 32768K, 100% used [0x0000000766000000, 0x0000000768000000)
AC   0  E CS TS     0 PTAMS 0x0000000768000000 NTAMS 0x0000000768000000 space 32768K, 100% used [0x0000000768000000, 0x000000076a000000)
AC   0  E CS TS     0 PTAMS 0x000000076a000000 NTAMS 0x000000076a000000 space 32768K, 100% used [0x000000076a000000, 0x000000076c000000)
AC   0  E CS TS     0 PTAMS 0x000000076c000000 NTAMS 0x000000076c000000 space 32768K, 100% used [0x000000076c000000, 0x000000076e000000)
AC   0  E CS TS     0 PTAMS 0x000000076e000000 NTAMS 0x000000076e000000 space 32768K, 100% used [0x000000076e000000, 0x0000000770000000)
AC   0  E CS TS     0 PTAMS 0x0000000770000000 NTAMS 0x0000000770000000 space 32768K, 100% used [0x0000000770000000, 0x0000000772000000)
AC   0  E CS TS     0 PTAMS 0x0000000772000000 NTAMS 0x0000000772000000 space 32768K, 100% used [0x0000000772000000, 0x0000000774000000)
AC   0  E CS TS     0 PTAMS 0x0000000774000000 NTAMS 0x0000000774000000 space 32768K, 100% used [0x0000000774000000, 0x0000000776000000)
AC   0  E CS TS     0 PTAMS 0x0000000776000000 NTAMS 0x0000000776000000 space 32768K, 100% used [0x0000000776000000, 0x0000000778000000)
AC   0  E CS TS     0 PTAMS 0x0000000778000000 NTAMS 0x0000000778000000 space 32768K, 100% used [0x0000000778000000, 0x000000077a000000)
AC   0  E CS TS     0 PTAMS 0x000000077a000000 NTAMS 0x000000077a000000 space 32768K, 100% used [0x000000077a000000, 0x000000077c000000)
AC   0  E CS TS     0 PTAMS 0x000000077c000000 NTAMS 0x000000077c000000 space 32768K, 100% used [0x000000077c000000, 0x000000077e000000)
AC   0  E CS TS     0 PTAMS 0x000000077e000000 NTAMS 0x000000077e000000 space 32768K, 100% used [0x000000077e000000, 0x0000000780000000)
AC   0  E CS TS     0 PTAMS 0x0000000780000000 NTAMS 0x0000000780000000 space 32768K, 100% used [0x0000000780000000, 0x0000000782000000)
AC   0  E CS TS     0 PTAMS 0x0000000782000000 NTAMS 0x0000000782000000 space 32768K, 100% used [0x0000000782000000, 0x0000000784000000)
AC   0  E CS TS     0 PTAMS 0x0000000784000000 NTAMS 0x0000000784000000 space 32768K, 100% used [0x0000000784000000, 0x0000000786000000)
AC   0  E CS TS     0 PTAMS 0x0000000786000000 NTAMS 0x0000000786000000 space 32768K, 100% used [0x0000000786000000, 0x0000000788000000)
AC   0  E CS TS     0 PTAMS 0x0000000788000000 NTAMS 0x0000000788000000 space 32768K, 100% used [0x0000000788000000, 0x000000078a000000)
AC   0  E CS TS     0 PTAMS 0x000000078a000000 NTAMS 0x000000078a000000 space 32768K, 100% used [0x000000078a000000, 0x000000078c000000)
AC   0  E CS TS     0 PTAMS 0x000000078c000000 NTAMS 0x000000078c000000 space 32768K, 100% used [0x000000078c000000, 0x000000078e000000)
AC   0  E CS TS     0 PTAMS 0x000000078e000000 NTAMS 0x000000078e000000 space 32768K, 100% used [0x000000078e000000, 0x0000000790000000)
AC   0  E CS TS     0 PTAMS 0x0000000790000000 NTAMS 0x0000000790000000 space 32768K, 100% used [0x0000000790000000, 0x0000000792000000)
AC   0  E CS TS     0 PTAMS 0x0000000792000000 NTAMS 0x0000000792000000 space 32768K, 100% used [0x0000000792000000, 0x0000000794000000)
AC   0  E CS TS     0 PTAMS 0x0000000794000000 NTAMS 0x0000000794000000 space 32768K, 100% used [0x0000000794000000, 0x0000000796000000)
AC   0  E CS TS     0 PTAMS 0x0000000796000000 NTAMS 0x0000000796000000 space 32768K, 100% used [0x0000000796000000, 0x0000000798000000)
AC   0  E CS TS     0 PTAMS 0x0000000798000000 NTAMS 0x0000000798000000 space 32768K, 100% used [0x0000000798000000, 0x000000079a000000)
AC   0  E CS TS     0 PTAMS 0x000000079a000000 NTAMS 0x000000079a000000 space 32768K, 100% used [0x000000079a000000, 0x000000079c000000)
AC   0  E CS TS     0 PTAMS 0x000000079c000000 NTAMS 0x000000079c000000 space 32768K, 100% used [0x000000079c000000, 0x000000079e000000)
AC   0  E CS TS     0 PTAMS 0x000000079e000000 NTAMS 0x000000079e000000 space 32768K, 100% used [0x000000079e000000, 0x00000007a0000000)
AC   0  E CS TS     0 PTAMS 0x00000007a0000000 NTAMS 0x00000007a0000000 space 32768K, 100% used [0x00000007a0000000, 0x00000007a2000000)
AC   0  E CS TS     0 PTAMS 0x00000007a2000000 NTAMS 0x00000007a2000000 space 32768K, 100% used [0x00000007a2000000, 0x00000007a4000000)
AC   0  E CS TS     0 PTAMS 0x00000007a4000000 NTAMS 0x00000007a4000000 space 32768K, 100% used [0x00000007a4000000, 0x00000007a6000000)
AC   0  E CS TS     0 PTAMS 0x00000007a6000000 NTAMS 0x00000007a6000000 space 32768K, 100% used [0x00000007a6000000, 0x00000007a8000000)
AC   0  E CS TS     0 PTAMS 0x00000007a8000000 NTAMS 0x00000007a8000000 space 32768K, 100% used [0x00000007a8000000, 0x00000007aa000000)
AC   0  E CS TS     0 PTAMS 0x00000007aa000000 NTAMS 0x00000007aa000000 space 32768K, 100% used [0x00000007aa000000, 0x00000007ac000000)
AC   0  E CS TS     0 PTAMS 0x00000007ac000000 NTAMS 0x00000007ac000000 space 32768K, 100% used [0x00000007ac000000, 0x00000007ae000000)
AC   0  E CS TS     0 PTAMS 0x00000007ae000000 NTAMS 0x00000007ae000000 space 32768K, 100% used [0x00000007ae000000, 0x00000007b0000000)
AC   0  E CS TS     0 PTAMS 0x00000007b0000000 NTAMS 0x00000007b0000000 space 32768K, 100% used [0x00000007b0000000, 0x00000007b2000000)
AC   0  E CS TS     0 PTAMS 0x00000007b2000000 NTAMS 0x00000007b2000000 space 32768K, 100% used [0x00000007b2000000, 0x00000007b4000000)
AC   0  E CS TS     0 PTAMS 0x00000007b4000000 NTAMS 0x00000007b4000000 space 32768K, 100% used [0x00000007b4000000, 0x00000007b6000000)
AC   0  E CS TS     0 PTAMS 0x00000007b6000000 NTAMS 0x00000007b6000000 space 32768K, 100% used [0x00000007b6000000, 0x00000007b8000000)
AC   0  E CS TS     0 PTAMS 0x00000007b8000000 NTAMS 0x00000007b8000000 space 32768K, 100% used [0x00000007b8000000, 0x00000007ba000000)
AC   0  E CS TS     0 PTAMS 0x00000007ba000000 NTAMS 0x00000007ba000000 space 32768K, 100% used [0x00000007ba000000, 0x00000007bc000000)
AC   0  E CS TS     0 PTAMS 0x00000007bc000000 NTAMS 0x00000007bc000000 space 32768K, 100% used [0x00000007bc000000, 0x00000007be000000)
AC   0  E CS TS     0 PTAMS 0x00000007be000000 NTAMS 0x00000007be000000 space 32768K, 100% used [0x00000007be000000, 0x00000007c0000000)

Card table byte_map: [0x00000000165c0000,0x0000000017dc0000] byte_map_base: 0x0000000013fc0000

Marking Bits (Prev, Next): (CMBitMap*) 0x000000000282d940, (CMBitMap*) 0x000000000282d8e8
 Prev Bits: [0x00000000255c0000, 0x00000000315c0000)
 Next Bits: [0x00000000195c0000, 0x00000000255c0000)

Polling page: 0x00000000003f0000

CodeCache: size=245760Kb used=127152Kb max_used=127284Kb free=118608Kb
 bounds [0x0000000002880000, 0x000000000a5c0000, 0x0000000011880000]
 total_blobs=34746 nmethods=32610 adapters=2040
 compilation: enabled

Compilation events (10 events):
Event: 1055.556 Thread 0x00000000360a8800 nmethod 52508 0x000000000a3abf90 code [0x000000000a3ac100, 0x000000000a3ac408]
Event: 1055.556 Thread 0x00000000360a3800 nmethod 52507 0x0000000008838990 code [0x0000000008838b00, 0x0000000008838f70]
Event: 1055.562 Thread 0x00000000360a8800 52509       3       org.lwjgl.openal.AL10::alDeleteBuffers (15 bytes)
Event: 1055.562 Thread 0x00000000360a8800 nmethod 52509 0x0000000008215c50 code [0x0000000008215e00, 0x0000000008216208]
Event: 1055.573 Thread 0x00000000360a8800 52510       3       java.util.concurrent.ForkJoinPool$WorkQueue::poll (107 bytes)
Event: 1055.574 Thread 0x00000000360a8800 nmethod 52510 0x00000000081d4010 code [0x00000000081d41a0, 0x00000000081d46b0]
Event: 1055.574 Thread 0x00000000360a8800 52511       3       java.util.concurrent.ForkJoinPool$WorkQueue::cancelAll (53 bytes)
Event: 1055.574 Thread 0x00000000360a8800 nmethod 52511 0x0000000007b4d290 code [0x0000000007b4d4a0, 0x0000000007b4e058]
Event: 1055.681 Thread 0x00000000360a8800 52512       3       java.util.logging.LogManager$LoggerContext::getRootLogger (8 bytes)
Event: 1055.683 Thread 0x00000000360a8800 nmethod 52512 0x0000000008615990 code [0x0000000008615ae0, 0x0000000008615cf0]

GC Heap History (10 events):
Event: 910.016 GC heap before
{Heap before GC invocations=128 (full 0):
 garbage-first heap   total 12582912K, used 9572325K [0x00000004c0000000, 0x00000004c2000c00, 0x00000007c0000000)
  region size 32768K, 204 young (6684672K), 9 survivors (294912K)
 Metaspace       used 196886K, capacity 222044K, committed 222248K, reserved 1234944K
  class space    used 30627K, capacity 36833K, committed 36904K, reserved 1048576K
Event: 910.045 GC heap after
Heap after GC invocations=129 (full 0):
 garbage-first heap   total 12582912K, used 3148176K [0x00000004c0000000, 0x00000004c2000c00, 0x00000007c0000000)
  region size 32768K, 7 young (229376K), 7 survivors (229376K)
 Metaspace       used 196886K, capacity 222044K, committed 222248K, reserved 1234944K
  class space    used 30627K, capacity 36833K, committed 36904K, reserved 1048576K
}
Event: 947.462 GC heap before
{Heap before GC invocations=129 (full 0):
 garbage-first heap   total 12582912K, used 9603472K [0x00000004c0000000, 0x00000004c2000c00, 0x00000007c0000000)
  region size 32768K, 204 young (6684672K), 7 survivors (229376K)
 Metaspace       used 196903K, capacity 222050K, committed 222248K, reserved 1234944K
  class space    used 30628K, capacity 36834K, committed 36904K, reserved 1048576K
Event: 947.490 GC heap after
Heap after GC invocations=130 (full 0):
 garbage-first heap   total 12582912K, used 3139274K [0x00000004c0000000, 0x00000004c2000c00, 0x00000007c0000000)
  region size 32768K, 6 young (196608K), 6 survivors (196608K)
 Metaspace       used 196903K, capacity 222050K, committed 222248K, reserved 1234944K
  class space    used 30628K, capacity 36834K, committed 36904K, reserved 1048576K
}
Event: 984.307 GC heap before
{Heap before GC invocations=130 (full 0):
 garbage-first heap   total 12582912K, used 9660106K [0x00000004c0000000, 0x00000004c2000c00, 0x00000007c0000000)
  region size 32768K, 205 young (6717440K), 6 survivors (196608K)
 Metaspace       used 196916K, capacity 222122K, committed 222248K, reserved 1234944K
  class space    used 30629K, capacity 36834K, committed 36904K, reserved 1048576K
Event: 984.335 GC heap after
Heap after GC invocations=131 (full 0):
 garbage-first heap   total 12582912K, used 3146273K [0x00000004c0000000, 0x00000004c2000c00, 0x00000007c0000000)
  region size 32768K, 6 young (196608K), 6 survivors (196608K)
 Metaspace       used 196916K, capacity 222122K, committed 222248K, reserved 1234944K
  class space    used 30629K, capacity 36834K, committed 36904K, reserved 1048576K
}
Event: 1023.469 GC heap before
{Heap before GC invocations=131 (full 0):
 garbage-first heap   total 12582912K, used 9667105K [0x00000004c0000000, 0x00000004c2000c00, 0x00000007c0000000)
  region size 32768K, 206 young (6750208K), 6 survivors (196608K)
 Metaspace       used 197104K, capacity 222348K, committed 222504K, reserved 1234944K
  class space    used 30638K, capacity 36839K, committed 36904K, reserved 1048576K
Event: 1023.498 GC heap after
Heap after GC invocations=132 (full 0):
 garbage-first heap   total 12582912K, used 3150381K [0x00000004c0000000, 0x00000004c2000c00, 0x00000007c0000000)
  region size 32768K, 6 young (196608K), 6 survivors (196608K)
 Metaspace       used 197104K, capacity 222348K, committed 222504K, reserved 1234944K
  class space    used 30638K, capacity 36839K, committed 36904K, reserved 1048576K
}
Event: 1054.116 GC heap before
{Heap before GC invocations=132 (full 0):
 garbage-first heap   total 12582912K, used 9671213K [0x00000004c0000000, 0x00000004c2000c00, 0x00000007c0000000)
  region size 32768K, 206 young (6750208K), 6 survivors (196608K)
 Metaspace       used 197163K, capacity 222398K, committed 222504K, reserved 1234944K
  class space    used 30642K, capacity 36872K, committed 36904K, reserved 1048576K
Event: 1054.144 GC heap after
Heap after GC invocations=133 (full 0):
 garbage-first heap   total 12582912K, used 3170005K [0x00000004c0000000, 0x00000004c2000c00, 0x00000007c0000000)
  region size 32768K, 7 young (229376K), 7 survivors (229376K)
 Metaspace       used 197163K, capacity 222398K, committed 222504K, reserved 1234944K
  class space    used 30642K, capacity 36872K, committed 36904K, reserved 1048576K
}

Deoptimization events (10 events):
Event: 1054.564 Thread 0x000000003eb62000 Uncommon trap: reason=unstable_if action=reinterpret pc=0x00000000097ffdb4 method=com.gitlab.cdagaming.craftpresence.utils.world.DimensionUtils.onTick()V @ 93
Event: 1054.564 Thread 0x000000003eb62000 Uncommon trap: reason=unstable_if action=reinterpret pc=0x00000000099154b4 method=com.gitlab.cdagaming.craftpresence.CraftPresence.clientTick()V @ 201
Event: 1055.541 Thread 0x000000003f24c800 Uncommon trap: reason=unstable_if action=reinterpret pc=0x0000000008e25c80 method=com.mushroom.midnight.common.util.MidnightUtil.isMidnightDimension(Lnet/minecraft/world/World;)Z @ 1
Event: 1055.572 Thread 0x0000000002783800 Uncommon trap: reason=predicate action=maybe_recompile pc=0x0000000009d11ac0 method=java.util.LinkedHashMap$LinkedValues.forEach(Ljava/util/function/Consumer;)V @ 32
Event: 1055.572 Thread 0x0000000002783800 Uncommon trap: reason=unstable_if action=reinterpret pc=0x00000000062aaba8 method=java.util.concurrent.ForkJoinPool.tryTerminate(ZZ)Z @ 19
Event: 1055.573 Thread 0x000000007c365800 Uncommon trap: reason=unstable_if action=reinterpret pc=0x000000000622c360 method=java.util.concurrent.ForkJoinPool.scan(Ljava/util/concurrent/ForkJoinPool$WorkQueue;I)Ljava/util/concurrent/ForkJoinTask; @ 321
Event: 1055.573 Thread 0x00000000986fc000 Uncommon trap: reason=unstable_if action=reinterpret pc=0x000000000622c360 method=java.util.concurrent.ForkJoinPool.scan(Ljava/util/concurrent/ForkJoinPool$WorkQueue;I)Ljava/util/concurrent/ForkJoinTask; @ 321
Event: 1055.573 Thread 0x000000007c365800 Uncommon trap: reason=unstable_if action=reinterpret pc=0x00000000062452d4 method=java.util.concurrent.ForkJoinPool.awaitWork(Ljava/util/concurrent/ForkJoinPool$WorkQueue;I)Z @ 8
Event: 1055.573 Thread 0x00000000986fc000 Uncommon trap: reason=unstable_if action=reinterpret pc=0x00000000062452d4 method=java.util.concurrent.ForkJoinPool.awaitWork(Ljava/util/concurrent/ForkJoinPool$WorkQueue;I)Z @ 8
Event: 1055.573 Thread 0x000000007c367800 Uncommon trap: reason=unstable_if action=reinterpret pc=0x000000000622c360 method=java.util.concurrent.ForkJoinPool.scan(Ljava/util/concurrent/ForkJoinPool$WorkQueue;I)Ljava/util/concurrent/ForkJoinTask; @ 321

Classes redefined (0 events):
No events

Internal exceptions (10 events):
Event: 671.393 Thread 0x0000000002783800 Implicit null exception at 0x0000000006638f84 to 0x0000000006639185
Event: 671.393 Thread 0x0000000002783800 Implicit null exception at 0x000000000827a55c to 0x000000000827aff2
Event: 790.311 Thread 0x0000000002783800 Implicit null exception at 0x00000000089ae0f6 to 0x00000000089ae2f1
Event: 857.968 Thread 0x0000000002783800 Implicit null exception at 0x00000000066a34a2 to 0x00000000066a3572
Event: 870.072 Thread 0x0000000002783800 Implicit null exception at 0x00000000080c4130 to 0x00000000080c4261
Event: 870.073 Thread 0x0000000002783800 Implicit null exception at 0x00000000086ed7d0 to 0x00000000086ed901
Event: 1053.901 Thread 0x0000000051fda800 Implicit null exception at 0x00000000083579ce to 0x0000000008357c24
Event: 1054.564 Thread 0x000000003eb62000 Implicit null exception at 0x00000000097fad42 to 0x00000000097ffd99
Event: 1055.541 Thread 0x000000003f24c800 Implicit null exception at 0x0000000008e25bae to 0x0000000008e25c71
Event: 1055.555 Thread 0x0000000002783800 Exception <a 'java/lang/IncompatibleClassChangeError': Found class java.lang.Object, but interface was expected> (0x00000007454176f8) thrown at [C:\ade\jenkins\workspace\8-2-build-windows-amd64-cygwin\jdk8u241\331\hotspot\src\share\vm\interpreter\linkReso

Events (10 events):
Event: 1055.679 Thread 0x000000007c367000 Thread added: 0x000000007c367000
Event: 1055.679 Thread 0x000000007c364800 Thread added: 0x000000007c364800
Event: 1055.679 Thread 0x000000007c365800 Thread added: 0x000000007c365800
Event: 1055.679 Thread 0x000000007c365800 Thread exited: 0x000000007c365800
Event: 1055.679 Thread 0x000000007c367000 Thread exited: 0x000000007c367000
Event: 1055.679 Thread 0x000000007c364800 Thread exited: 0x000000007c364800
Event: 1055.681 Executing VM operation: RevokeBias
Event: 1055.682 Executing VM operation: RevokeBias done
Event: 1055.682 Executing VM operation: RevokeBias
Event: 1055.682 Executing VM operation: RevokeBias done


Dynamic libraries:
0x00007ff624f40000 - 0x00007ff624f77000 	C:\Program Files (x86)\Common Files\Oracle\Java\javapath\javaw.exe
0x00007ffaac700000 - 0x00007ffaac8f0000 	C:\WINDOWS\SYSTEM32\ntdll.dll
0x00007ffaac600000 - 0x00007ffaac6b2000 	C:\WINDOWS\System32\KERNEL32.DLL
0x00007ffaa98a0000 - 0x00007ffaa9b43000 	C:\WINDOWS\System32\KERNELBASE.dll
0x00007ffaabe20000 - 0x00007ffaabec3000 	C:\WINDOWS\System32\ADVAPI32.dll
0x00007ffaabd80000 - 0x00007ffaabe1e000 	C:\WINDOWS\System32\msvcrt.dll
0x00007ffaaaab0000 - 0x00007ffaaab47000 	C:\WINDOWS\System32\sechost.dll
0x00007ffaaae60000 - 0x00007ffaaaf80000 	C:\WINDOWS\System32\RPCRT4.dll
0x00007ffaaa910000 - 0x00007ffaaaaa4000 	C:\WINDOWS\System32\USER32.dll
0x00007ffaa9d10000 - 0x00007ffaa9d31000 	C:\WINDOWS\System32\win32u.dll
0x00007ffaac5d0000 - 0x00007ffaac5f6000 	C:\WINDOWS\System32\GDI32.dll
0x00007ffaa9b70000 - 0x00007ffaa9d04000 	C:\WINDOWS\System32\gdi32full.dll
0x00007ffaaa6e0000 - 0x00007ffaaa77e000 	C:\WINDOWS\System32\msvcp_win.dll
0x00007ffaa96f0000 - 0x00007ffaa97ea000 	C:\WINDOWS\System32\ucrtbase.dll
0x00007ffaa0fe0000 - 0x00007ffaa1265000 	C:\WINDOWS\WinSxS\amd64_microsoft.windows.common-controls_6595b64144ccf1df_6.0.18362.720_none_e6beb5c51314836b\COMCTL32.dll
0x00007ffaab4d0000 - 0x00007ffaab806000 	C:\WINDOWS\System32\combase.dll
0x00007ffaa9d40000 - 0x00007ffaa9dc0000 	C:\WINDOWS\System32\bcryptPrimitives.dll
0x00007ffaab9f0000 - 0x00007ffaaba1e000 	C:\WINDOWS\System32\IMM32.DLL
0x0000000066bc0000 - 0x0000000066c92000 	C:\Program Files\Java\jre1.8.0_241\bin\msvcr100.dll
0x0000000066260000 - 0x0000000066b0c000 	C:\Program Files\Java\jre1.8.0_241\bin\server\jvm.dll
0x00007ffaac5c0000 - 0x00007ffaac5c8000 	C:\WINDOWS\System32\PSAPI.DLL
0x00007ffa60ee0000 - 0x00007ffa60ee9000 	C:\WINDOWS\SYSTEM32\WSOCK32.dll
0x00007ffaa2e80000 - 0x00007ffaa2ea4000 	C:\WINDOWS\SYSTEM32\WINMM.dll
0x00007ffaabb40000 - 0x00007ffaabbaf000 	C:\WINDOWS\System32\WS2_32.dll
0x00007ffaa5950000 - 0x00007ffaa595a000 	C:\WINDOWS\SYSTEM32\VERSION.dll
0x00007ffaa2e50000 - 0x00007ffaa2e7d000 	C:\WINDOWS\SYSTEM32\WINMMBASE.dll
0x00007ffaa9f10000 - 0x00007ffaa9f5a000 	C:\WINDOWS\System32\cfgmgr32.dll
0x00007ffaa5d10000 - 0x00007ffaa5d1f000 	C:\Program Files\Java\jre1.8.0_241\bin\verify.dll
0x00007ffa861e0000 - 0x00007ffa86209000 	C:\Program Files\Java\jre1.8.0_241\bin\java.dll
0x00007ffa94b50000 - 0x00007ffa94b66000 	C:\Program Files\Java\jre1.8.0_241\bin\zip.dll
0x00007ffaabed0000 - 0x00007ffaac5b5000 	C:\WINDOWS\System32\SHELL32.dll
0x00007ffaaba90000 - 0x00007ffaabb39000 	C:\WINDOWS\System32\shcore.dll
0x00007ffaa9f60000 - 0x00007ffaaa6e0000 	C:\WINDOWS\System32\windows.storage.dll
0x00007ffaa9610000 - 0x00007ffaa9633000 	C:\WINDOWS\System32\profapi.dll
0x00007ffaa9640000 - 0x00007ffaa968a000 	C:\WINDOWS\System32\powrprof.dll
0x00007ffaa95c0000 - 0x00007ffaa95d0000 	C:\WINDOWS\System32\UMPDC.dll
0x00007ffaab8c0000 - 0x00007ffaab912000 	C:\WINDOWS\System32\shlwapi.dll
0x00007ffaa95f0000 - 0x00007ffaa9601000 	C:\WINDOWS\System32\kernel.appcore.dll
0x00007ffaa9b50000 - 0x00007ffaa9b67000 	C:\WINDOWS\System32\cryptsp.dll
0x00007ffa92710000 - 0x00007ffa9272a000 	C:\Program Files\Java\jre1.8.0_241\bin\net.dll
0x00007ffaa8e30000 - 0x00007ffaa8e97000 	C:\WINDOWS\system32\mswsock.dll
0x00007ffa8fc40000 - 0x00007ffa8fc52000 	C:\Program Files\Java\jre1.8.0_241\bin\nio.dll
0x00007ffaa89a0000 - 0x00007ffaa89d3000 	C:\WINDOWS\system32\rsaenh.dll
0x00007ffaaa780000 - 0x00007ffaaa7a6000 	C:\WINDOWS\System32\bcrypt.dll
0x00007ffaa94e0000 - 0x00007ffaa9505000 	C:\WINDOWS\SYSTEM32\USERENV.dll
0x00007ffaa9000000 - 0x00007ffaa900c000 	C:\WINDOWS\SYSTEM32\CRYPTBASE.dll
0x00007ffaa8b40000 - 0x00007ffaa8b7a000 	C:\WINDOWS\SYSTEM32\IPHLPAPI.DLL
0x00007ffaabd70000 - 0x00007ffaabd78000 	C:\WINDOWS\System32\NSI.dll
0x00007ffaa2da0000 - 0x00007ffaa2db6000 	C:\WINDOWS\SYSTEM32\dhcpcsvc6.DLL
0x00007ffaa2ce0000 - 0x00007ffaa2cfc000 	C:\WINDOWS\SYSTEM32\dhcpcsvc.DLL
0x00007ffaa8b80000 - 0x00007ffaa8c4a000 	C:\WINDOWS\SYSTEM32\DNSAPI.dll
0x00007ffaa13e0000 - 0x00007ffaa13ed000 	C:\Program Files\Java\jre1.8.0_241\bin\management.dll
0x00007ffa9ae30000 - 0x00007ffa9ae46000 	C:\WINDOWS\system32\napinsp.dll
0x00007ffa9ad70000 - 0x00007ffa9ad8a000 	C:\WINDOWS\system32\pnrpnsp.dll
0x00007ffa9ac40000 - 0x00007ffa9ac4e000 	C:\WINDOWS\System32\winrnr.dll
0x00007ffaa4b40000 - 0x00007ffaa4b5c000 	C:\WINDOWS\system32\NLAapi.dll
0x00007ffa9ad50000 - 0x00007ffa9ad65000 	C:\WINDOWS\system32\wshbth.dll
0x00007ffaa2950000 - 0x00007ffaa295a000 	C:\Windows\System32\rasadhlp.dll
0x00007ffaa2af0000 - 0x00007ffaa2b67000 	C:\WINDOWS\System32\fwpuclnt.dll
0x00007ffa861b0000 - 0x00007ffa861d4000 	C:\Program Files\Java\jre1.8.0_241\bin\sunec.dll
0x00007ffa735c0000 - 0x00007ffa73632000 	F:\MINECRAFT\MultiMC\instances\Aria\natives\lwjgl.dll
0x00007ffa335c0000 - 0x00007ffa33811000 	F:\MINECRAFT\MultiMC\instances\Aria\natives\jemalloc.dll
0x00007ffa86150000 - 0x00007ffa861ae000 	F:\MINECRAFT\MultiMC\instances\Aria\natives\glfw.dll
0x00007ffaa7510000 - 0x00007ffaa75a9000 	C:\WINDOWS\system32\uxtheme.dll
0x00007ffaa93c0000 - 0x00007ffaa93ea000 	C:\WINDOWS\SYSTEM32\DEVOBJ.dll
0x00007ffaa7c10000 - 0x00007ffaa7c3d000 	C:\WINDOWS\SYSTEM32\dwmapi.dll
0x00007ffa898e0000 - 0x00007ffa899fa000 	C:\WINDOWS\SYSTEM32\inputhost.dll
0x00007ffa90cf0000 - 0x00007ffa9101a000 	C:\WINDOWS\SYSTEM32\CoreUIComponents.dll
0x00007ffaa6910000 - 0x00007ffaa69ff000 	C:\WINDOWS\SYSTEM32\PROPSYS.dll
0x00007ffaa31a0000 - 0x00007ffaa3274000 	C:\WINDOWS\SYSTEM32\CoreMessaging.dll
0x00007ffaab920000 - 0x00007ffaab9e4000 	C:\WINDOWS\System32\OLEAUT32.dll
0x00007ffaa8780000 - 0x00007ffaa87b1000 	C:\WINDOWS\SYSTEM32\ntmarta.dll
0x00007ffaa6f50000 - 0x00007ffaa70a3000 	C:\WINDOWS\SYSTEM32\wintypes.dll
0x00007ffaaab50000 - 0x00007ffaaac86000 	C:\WINDOWS\System32\MSCTF.dll
0x00007ffaaaf80000 - 0x00007ffaab3f0000 	C:\WINDOWS\System32\SETUPAPI.DLL
0x00007ffaa9690000 - 0x00007ffaa96ec000 	C:\WINDOWS\System32\WINTRUST.dll
0x00007ffaa95d0000 - 0x00007ffaa95e2000 	C:\WINDOWS\System32\MSASN1.dll
0x00007ffaa9dc0000 - 0x00007ffaa9f09000 	C:\WINDOWS\System32\CRYPT32.dll
0x00007ffa4d380000 - 0x00007ffa4d4d6000 	C:\WINDOWS\SYSTEM32\opengl32.dll
0x00007ffa8c240000 - 0x00007ffa8c26c000 	C:\WINDOWS\SYSTEM32\GLU32.dll
0x00007ffaa8230000 - 0x00007ffaa8250000 	C:\WINDOWS\SYSTEM32\dxcore.dll
0x00007ffa4aca0000 - 0x00007ffa4d37d000 	C:\WINDOWS\System32\DriverStore\FileRepository\nv_dispi.inf_amd64_ab1f86d7947528e0\nvoglv64.dll
0x00007ffaaa7b0000 - 0x00007ffaaa907000 	C:\WINDOWS\System32\ole32.dll
0x00007ffaa6e60000 - 0x00007ffaa6e73000 	C:\WINDOWS\SYSTEM32\WTSAPI32.dll
0x00007ffa77170000 - 0x00007ffa77434000 	C:\WINDOWS\system32\nvspcap64.dll
0x00007ffaa8680000 - 0x00007ffaa86dc000 	C:\WINDOWS\SYSTEM32\WINSTA.dll
0x00007ffa2a080000 - 0x00007ffa2a1b2000 	C:\Program Files (x86)\AquaSnap\AquaSnap.Hook.x64.dll
0x00007ffa737b0000 - 0x00007ffa73808000 	F:\MINECRAFT\MultiMC\instances\Aria\natives\lwjgl_opengl.dll
0x00007ffa718a0000 - 0x00007ffa7191f000 	F:\MINECRAFT\MultiMC\instances\Aria\natives\lwjgl_stb.dll
0x00007ffa815d0000 - 0x00007ffa81840000 	C:\WINDOWS\SYSTEM32\UIAutomationCore.DLL
0x00007ffa9d240000 - 0x00007ffa9d2a5000 	C:\WINDOWS\SYSTEM32\OLEACC.dll
0x00007ffaab810000 - 0x00007ffaab8b2000 	C:\WINDOWS\System32\clbcatq.dll
0x00007ffa90830000 - 0x00007ffa908de000 	C:\WINDOWS\SYSTEM32\mscms.dll
0x00007ffa90650000 - 0x00007ffa90667000 	C:\WINDOWS\SYSTEM32\ColorAdapterClient.dll
0x00007ffa94c90000 - 0x00007ffa94cd3000 	C:\WINDOWS\SYSTEM32\icm32.dll
0x00007ffa734c0000 - 0x00007ffa73502000 	C:\Users\alexb\AppData\Local\Temp\jna-92899844\jna3783003379551236103.dll
0x00007ffa9c0a0000 - 0x00007ffa9c0ab000 	C:\Program Files\Java\jre1.8.0_241\bin\sunmscapi.dll
0x00007ffa33420000 - 0x00007ffa335ba000 	C:\Program Files\Java\jre1.8.0_241\bin\awt.dll
0x00007ffaa59e0000 - 0x00007ffaa5a6f000 	C:\WINDOWS\SYSTEM32\apphelp.dll
0x00007ffa86010000 - 0x00007ffa8602a000 	F:\MINECRAFT\MultiMC\instances\Aria\natives\SAPIWrapper_x64.dll
0x00007ffaa5d60000 - 0x00007ffaa5dd2000 	C:\WINDOWS\System32\MMDevApi.dll
0x00007ffa33300000 - 0x00007ffa33414000 	F:\MINECRAFT\MultiMC\instances\Aria\natives\OpenAL.dll
0x00007ffaa5df0000 - 0x00007ffaa5f4d000 	C:\WINDOWS\SYSTEM32\AUDIOSES.DLL
0x00007ffaa78e0000 - 0x00007ffaa78f4000 	C:\WINDOWS\SYSTEM32\resourcepolicyclient.dll
0x00007ffa8a540000 - 0x00007ffa8a5de000 	C:\WINDOWS\System32\TextInputFramework.dll
0x00007ffa9de70000 - 0x00007ffa9e116000 	C:\WINDOWS\System32\iertutil.dll
0x00007ffaa79e0000 - 0x00007ffaa7bd4000 	C:\WINDOWS\SYSTEM32\dbghelp.dll

VM Arguments:
jvm_args: -XX:+UseG1GC -Dsun.rmi.dgc.server.gcInterval=2147483646 -XX:+UnlockExperimentalVMOptions -XX:G1NewSizePercent=20 -XX:G1ReservePercent=20 -XX:MaxGCPauseMillis=50 -XX:G1HeapRegionSize=32M -XX:HeapDumpPath=MojangTricksIntelDriversForPerformance_javaw.exe_minecraft.exe.heapdump -Xms6144m -Xmx12288m -Duser.language=en -Djava.library.path=F:/MINECRAFT/MultiMC/instances/Aria/natives 
java_command: org.multimc.EntryPoint
java_class_path (initial): F:/MINECRAFT/MultiMC/jars/NewLaunch.jar;F:/MINECRAFT/MultiMC/libraries/org/lwjgl/lwjgl/3.2.2/lwjgl-3.2.2.jar;F:/MINECRAFT/MultiMC/libraries/org/lwjgl/lwjgl-jemalloc/3.2.2/lwjgl-jemalloc-3.2.2.jar;F:/MINECRAFT/MultiMC/libraries/org/lwjgl/lwjgl-openal/3.2.2/lwjgl-openal-3.2.2.jar;F:/MINECRAFT/MultiMC/libraries/org/lwjgl/lwjgl-opengl/3.2.2/lwjgl-opengl-3.2.2.jar;F:/MINECRAFT/MultiMC/libraries/org/lwjgl/lwjgl-glfw/3.2.2/lwjgl-glfw-3.2.2.jar;F:/MINECRAFT/MultiMC/libraries/org/lwjgl/lwjgl-stb/3.2.2/lwjgl-stb-3.2.2.jar;F:/MINECRAFT/MultiMC/libraries/com/mojang/patchy/1.1/patchy-1.1.jar;F:/MINECRAFT/MultiMC/libraries/oshi-project/oshi-core/1.1/oshi-core-1.1.jar;F:/MINECRAFT/MultiMC/libraries/net/java/dev/jna/jna/4.4.0/jna-4.4.0.jar;F:/MINECRAFT/MultiMC/libraries/net/java/dev/jna/platform/3.4.0/platform-3.4.0.jar;F:/MINECRAFT/MultiMC/libraries/com/ibm/icu/icu4j-core-mojang/51.2/icu4j-core-mojang-51.2.jar;F:/MINECRAFT/MultiMC/libraries/com/mojang/javabridge/1.0.22/javabridge-1.0.22.jar;F:/MINECRAFT/MultiMC/libraries/net/sf/jopt-simple/jopt-simple/5.0.4/jopt-simple-5.0.4.jar;F:/MINECRAFT/MultiMC/libraries/io/netty/netty-all/4.1.25.Final/netty-all-4.1.25.Final.jar;F:/MINECRAFT/MultiMC/libraries/com/google/guava/guava/21.0/guava-21.0.jar;F:/MINECRAFT/MultiMC/libraries/org/apache/commons/commons-lang3/3.5/commons-lang3-3.5.jar;F:/MINECRAFT/MultiMC/libraries/commons-io/commons-io/2.5/commons-io-2.5.jar;F:/MINECRAFT/MultiMC/libraries/commons-codec/commons-codec/1.10/commons-codec-1.10.jar;F:/MINECRAFT/MultiMC/libraries/com/mojang/brigadier/1.0.17/brigadier-1.0.17.jar;F:/MINECRAFT/MultiMC/libraries/com/mojang/datafixerupper/2.0.24/datafixerupper-2.0.24.jar;F:/MINECRAFT/MultiMC/libraries/com/google/code/gson/gson/2.8.0/gson-2.8.0.jar;F:/MINECRAFT/MultiMC/libraries/com/mojang/authlib/1.5.25/authlib-1.5.25.jar;F:/MINECRAFT/MultiMC/libraries/org/apache/commons/commons-compress/1.8.1/commons-compress-1.8.1.jar;F:/MINECRAFT/MultiMC/libraries/org/apache/httpcom
Launcher Type: SUN_STANDARD

Environment Variables:
PATH=C:\Program Files (x86)\Common Files\Oracle\Java\javapath;C:\Windows\system32;C:\Windows;C:\Windows\System32\Wbem;C:\Windows\System32\WindowsPowerShell\v1.0\;C:\Windows\System32\OpenSSH\;C:\Program Files (x86)\NVIDIA Corporation\PhysX\Common;C:\ProgramData\chocolatey\bin;C:\WINDOWS\system32;C:\WINDOWS;C:\WINDOWS\System32\Wbem;C:\WINDOWS\System32\WindowsPowerShell\v1.0\;C:\WINDOWS\System32\OpenSSH\;C:\Program Files\NVIDIA Corporation\NVIDIA NvDLISR;C:\WINDOWS\system32;C:\WINDOWS;C:\WINDOWS\System32\Wbem;C:\WINDOWS\System32\WindowsPowerShell\v1.0\;C:\WINDOWS\System32\OpenSSH\;C:\Program Files (x86)\Plantronics\Spokes3G\;C:\Program Files\NVIDIA Corporation\NVIDIA NGX;C:\Program Files (x86)\Shoreline Communications\ShoreWare Client\;C:\Program Files (x86)\Shoreline Communications\ShoreWare Client\win64;C:\Program Files\Git\cmd;C:\Users\alexb\AppData\Local\Microsoft\WindowsApps;C:\Users\alexb\AppData\Local\Microsoft\WindowsApps;C:\Users\alexb\AppData\Local\GitHubDesktop\bin;C:\Users\alexb\AppData\Local\Programs\Microsoft VS Code\bin
USERNAME=alexb
OS=Windows_NT
PROCESSOR_IDENTIFIER=Intel64 Family 6 Model 158 Stepping 13, GenuineIntel



---------------  S Y S T E M  ---------------

OS: Windows 10.0 , 64 bit Build 18362 (10.0.18362.329)

CPU:total 8 (initial active 8) (8 cores per cpu, 1 threads per core) family 6 model 158 stepping 13, cmov, cx8, fxsr, mmx, sse, sse2, sse3, ssse3, sse4.1, sse4.2, popcnt, avx, avx2, aes, clmul, erms, rtm, 3dnowpref, lzcnt, tsc, tscinvbit, bmi1, bmi2, adx

Memory: 4k page, physical 33484340k(6635596k free), swap 56553012k(15196744k free)

vm_info: Java HotSpot(TM) 64-Bit Server VM (25.241-b07) for windows-amd64 JRE (1.8.0_241-b07), built on Dec 11 2019 10:21:40 by "rejava" with MS VC++ 10.0 (VS2010)

time: Tue Apr 07 16:48:55 2020
timezone: Pacific Daylight Time
elapsed time: 1055 seconds (0d 0h 17m 35s)

